         w __deregister_frame_info
         w __register_frame_info
         w _ITM_deregisterTMCloneTable
         w _ITM_registerTMCloneTable
         w _Jv_RegisterClasses
00000000 b .LANCHOR1
00000000 b _TLS_MODULE_BASE_
00000000 a shift
00000000 a shift
00000000 00002000 b tmp_buffer.6669
00001ff8 b .LANCHOR2
00002000 00000401 b __fixedpath
00002404 00000802 b __utf16path
00002c08 00000802 b __utf16path_old.6740
00100000 T __start__
00100000 T _start
00100008 T __service_ptr
0010000c T __apt_appid
00100010 T __heap_size
00100014 T __linear_heap_size
00100018 T __system_arglist
0010001c T __system_runflags
00100020 t startup
00100058 t ClearMem
0010006c t ClrLoop
00100094 T _init
001000ac t deregister_tm_clones
001000dc t register_tm_clones
00100114 t __do_global_dtors_aux
00100158 t frame_dummy
001001b4 00000004 T nmh::Galaxy::~Galaxy()
001001b4 00000004 T nmh::Galaxy::~Galaxy()
001001b8 00000014 T nmh::Galaxy::~Galaxy()
001001cc 00000068 T nmh::Galaxy::Galaxy(unsigned long)
001001cc 00000068 T nmh::Galaxy::Galaxy(unsigned long)
00100234 00000064 t unsigned long std::uniform_int_distribution<unsigned long>::operator()<std::mersenne_twister_engine<unsigned int, 32u, 624u, 397u, 31u, 2567483615u, 11u, 4294967295u, 7u, 2636928640u, 15u, 4022730752u, 18u, 1812433253u> >(std::mersenne_twister_engine<unsigned int, 32u, 624u, 397u, 31u, 2567483615u, 11u, 4294967295u, 7u, 2636928640u, 15u, 4022730752u, 18u, 1812433253u>&, std::uniform_int_distribution<unsigned long>::param_type const&) [clone .isra.2]
00100298 000000b8 T nmh::Galaxy::ExploreStar(unsigned short, unsigned short, unsigned char)
00100350 00000004 T nmh::System::~System()
00100350 00000004 T nmh::System::~System()
00100354 00000014 T nmh::System::~System()
00100368 00000010 T nmh::System::GetNumPlanets()
00100378 00000064 t unsigned long std::uniform_int_distribution<unsigned long>::operator()<std::mersenne_twister_engine<unsigned int, 32u, 624u, 397u, 31u, 2567483615u, 11u, 4294967295u, 7u, 2636928640u, 15u, 4022730752u, 18u, 1812433253u> >(std::mersenne_twister_engine<unsigned int, 32u, 624u, 397u, 31u, 2567483615u, 11u, 4294967295u, 7u, 2636928640u, 15u, 4022730752u, 18u, 1812433253u>&, std::uniform_int_distribution<unsigned long>::param_type const&) [clone .isra.2]
001003dc 000000c4 T nmh::System::ExplorePlanet(unsigned char)
001004a0 000000c4 T nmh::System::ExploreMoon(unsigned char)
00100564 0000009c T nmh::System::System(unsigned long)
00100564 0000009c T nmh::System::System(unsigned long)
00100600 00000030 T FT_Add_Default_Modules
00100630 0000006c T FT_Init_FreeType
0010069c 0000002c T FT_Done_FreeType
001006c8 00000078 t destroy_size
00100740 00000034 t memory_stream_close
00100774 00000024 t ft_raccess_sort_ref_by_id
00100798 000000e4 t ft_trig_pseudo_polarize
0010087c 00000054 t FT_Stream_Skip.part.14
001008d0 00000088 t FT_Outline_Done_Internal.part.22
00100958 000001d4 t FT_MulDiv.constprop.36
00100b2c 000000ec t FT_Stream_New.part.18
00100c18 0000021c t _ft_face_scale_advances.isra.4.part.5
00100e34 000000f0 t raccess_guess_vfat
00100f24 000000ec t raccess_guess_linux_cap
00101010 00000334 t open_face
00101344 00000014 T FT_RoundFix
00101358 00000014 T FT_CeilFix
0010136c 0000000c T FT_FloorFix
00101378 0000011c T FT_Hypot
00101494 00000144 T FT_MulDiv
001015d8 00000124 T FT_MulDiv_No_Round
001016fc 00000020 T FT_MulFix
0010171c 00000364 T FT_DivFix
00101a80 00000130 T FT_Matrix_Multiply
00101bb0 000000c4 T FT_Matrix_Invert
00101c74 0000010c T FT_Matrix_Multiply_Scaled
00101d80 00000080 T FT_Vector_Transform_Scaled
00101e00 000001ac T FT_Vector_NormLen
00101fac 00000118 T ft_corner_orientation
001020c4 00000090 T ft_corner_is_flat
00102154 00000044 T FT_GlyphLoader_New
00102198 00000038 T FT_GlyphLoader_Rewind
001021d0 000000ec T FT_GlyphLoader_Reset
001022bc 000000ec t ft_glyphslot_done
001023a8 000002b8 t destroy_face
00102660 00000238 t FT_Remove_Module.part.31
00102898 00000104 T FT_GlyphLoader_Done
0010299c 0000007c T FT_GlyphLoader_Prepare
00102a18 00000230 T FT_GlyphLoader_Add
00102c48 00000060 T ft_service_list_lookup
00102ca8 00000018 T ft_validator_init
00102cc0 00000008 T ft_validator_run
00102cc8 00000014 T ft_validator_error
00102cdc 0000002c T FT_Stream_New
00102d08 00000044 T FT_Stream_Free
00102d4c 00000064 T ft_glyphslot_free_bitmap
00102db0 00000060 T ft_glyphslot_set_bitmap
00102e10 000000b0 T ft_glyphslot_alloc_bitmap
00102ec0 0000018c T FT_New_GlyphSlot
0010304c 00000094 T FT_Done_GlyphSlot
001030e0 000000b0 T FT_Set_Transform
00103190 00000108 T FT_Attach_File
00103298 000000f4 T FT_Attach_Stream
0010338c 00000020 T FT_Reference_Face
001033ac 000000c4 T FT_Done_Face
00103470 00000158 T FT_New_Size
001035c8 0000013c T FT_Done_Size
00103704 00000130 T FT_Match_Size
00103834 00000070 T ft_synthesize_vertical_metrics
001038a4 00000144 T FT_Select_Metrics
001039e8 000003a8 T FT_Request_Metrics
00103d90 00000194 t FT_Request_Size.part.8
00103f24 0000006c T FT_Select_Size
00103f90 0000003c T FT_Request_Size
00103fcc 0000008c T FT_Set_Char_Size
00104058 00000094 T FT_Set_Pixel_Sizes
001040ec 00000124 T FT_Get_Kerning
00104210 00000084 T FT_Get_Track_Kerning
00104294 00000110 T FT_Select_Charmap
001043a4 000000e0 T FT_Set_Charmap
00104484 0000006c T FT_Get_Charmap_Index
001044f0 00000048 T FT_Get_Char_Index
00104538 000000c4 T FT_Get_First_Char
001045fc 00000094 T FT_Get_Next_Char
00104690 00000110 T FT_Face_GetCharVariantIndex
001047a0 000000e8 T FT_Face_GetCharVariantIsDefault
00104888 000000e0 T FT_Face_GetVariantSelectors
00104968 000000e8 T FT_Face_GetVariantsOfChar
00104a50 000000e8 T FT_Face_GetCharsOfVariant
00104b38 000000a4 T FT_Get_Name_Index
00104bdc 000000f0 T FT_Get_Glyph_Name
00104ccc 00000088 T FT_Get_Postscript_Name
00104d54 0000006c T FT_Get_Sfnt_Table
00104dc0 00000088 T FT_Load_Sfnt_Table
00104e48 0000008c T FT_Sfnt_Table_Info
00104ed4 00000080 T FT_Get_CMap_Language_ID
00104f54 0000007c T FT_Get_CMap_Format
00104fd0 0000003c T FT_Activate_Size
0010500c 00000074 T FT_Lookup_Renderer
00105080 00000050 T FT_Get_Renderer
001050d0 00000100 T FT_Set_Renderer
001051d0 00000124 T FT_Render_Glyph_Internal
001052f4 00000030 T FT_Render_Glyph
00105324 0000006c T FT_Get_Module
00105390 00000068 T FT_Get_Module_Interface
001053f8 00000084 T ft_module_get_service
0010547c 00000024 T FT_Remove_Module
001054a0 000000f4 T FT_Property_Set
00105594 000000f4 T FT_Property_Get
00105688 0000001c T FT_Reference_Library
001056a4 0000007c T FT_New_Library
00105720 00000038 T FT_Library_Version
00105758 000001c8 T FT_Done_Library
00105920 0000002c T FT_Set_Debug_Hook
0010594c 000000d4 T FT_Get_TrueType_Engine_Type
00105a20 00000094 T FT_Get_SubGlyph_Info
00105ab4 00000428 T FT_Outline_Decompose
00105edc 00000098 T FT_Outline_Check
00105f74 000000a8 T FT_Outline_Copy
0010601c 000000a8 T FT_Outline_Done_Internal
001060c4 000000bc T FT_Outline_Done
00106180 0000009c T FT_Outline_Get_CBox
0010621c 00000054 T FT_Outline_Translate
00106270 000000cc T FT_Outline_Reverse
0010633c 000000d0 T FT_Outline_Render
0010640c 000000dc T FT_Outline_Get_Bitmap
001064e8 000000a8 T FT_Vector_Transform
00106590 000000e8 T FT_Outline_Transform
00106678 000006bc t FT_Load_Glyph.part.20
00106d34 00000020 T FT_Load_Glyph
00106d54 000001d0 T FT_Get_Advances
00106f24 00000064 T FT_Load_Char
00106f88 0000025c T FT_Get_Advance
001071e4 00000148 T FT_Outline_Get_Orientation
0010732c 000003a0 T FT_Outline_EmboldenXY
001076cc 00000008 T FT_Outline_Embolden
001076d4 0000010c T FT_Raccess_Guess
001077e0 00000024 T FT_Get_Sfnt_Name_Count
00107804 00000018 T FT_Stream_OpenMemory
0010781c 00000018 T FT_Stream_Close
00107834 0000004c T FT_Stream_Seek
00107880 00000064 T FT_Stream_Skip
001078e4 00000008 T FT_Stream_Pos
001078ec 00000084 T FT_Stream_Read
00107970 0000007c T FT_Stream_ReadAt
001079ec 00000070 T FT_Stream_TryRead
00107a5c 00000128 T FT_Stream_ExtractFrame
00107b84 00000040 T FT_Stream_ReleaseFrame
00107bc4 0000012c T FT_Stream_EnterFrame
00107cf0 00000044 T FT_Stream_ExitFrame
00107d34 00000024 T FT_Stream_GetChar
00107d58 00000030 T FT_Stream_GetUShort
00107d88 00000030 T FT_Stream_GetUShortLE
00107db8 0000003c T FT_Stream_GetUOffset
00107df4 00000044 T FT_Stream_GetULong
00107e38 00000040 T FT_Stream_GetULongLE
00107e78 00000090 T FT_Stream_ReadChar
00107f08 00000098 T FT_Stream_ReadUShort
00107fa0 00000444 T FT_Raccess_Get_HeaderInfo
001083e4 00000098 T FT_Stream_ReadUShortLE
0010847c 000000a0 T FT_Stream_ReadUOffset
0010851c 000000ac T FT_Stream_ReadULong
001085c8 000001a8 t raccess_guess_apple_generic.isra.15
00108770 000001b4 t raccess_guess_linux_netatalk
00108924 0000019c t raccess_guess_darwin_ufs_export
00108ac0 00000194 t raccess_guess_linux_double
00108c54 000001c0 t raccess_guess_apple_double
00108e14 000001c0 t raccess_guess_apple_single
00108fd4 000000a8 T FT_Stream_ReadULongLE
0010907c 00000270 T FT_Stream_ReadFields
001092ec 000000c8 T FT_Cos
001093b4 000000c8 T FT_Sin
0010947c 000000d4 T FT_Tan
00109550 00000068 T FT_Atan2
001095b8 000000e0 T FT_Vector_Unit
00109698 00000238 T FT_Vector_Rotate
001098d0 00000140 T FT_Vector_Length
00109a10 00000144 T FT_Vector_Polarize
00109b54 00000220 T FT_Vector_From_Polar
00109d74 0000003c T FT_Angle_Diff
00109db0 00000060 T ft_mem_alloc
00109e10 00000090 t raccess_guess_darwin_hfsplus
00109ea0 0000009c t raccess_guess_darwin_newvfs
00109f3c 00000310 T FT_Add_Module
0010a24c 000000e4 T FT_GlyphLoader_CreateExtra
0010a330 00000044 T ft_mem_qalloc
0010a374 00000134 T ft_mem_realloc
0010a4a8 00000220 T FT_GlyphLoader_CheckPoints
0010a6c8 00000160 T FT_GlyphLoader_CopyPoints
0010a828 00000088 T FT_GlyphLoader_CheckSubGlyphs
0010a8b0 00000128 T FT_CMap_Done
0010a9d8 00000130 T FT_CMap_New
0010ab08 00000130 T FT_Outline_New_Internal
0010ac38 0000044c T FT_Raccess_Get_DataOffsets
0010b084 000007b0 t IsMacResource
0010b834 000008fc T FT_Open_Face
0010c130 00000040 T FT_New_Face
0010c170 00000050 T FT_New_Memory_Face
0010c1c0 00000164 t open_face_from_buffer
0010c324 000003cc t open_face_PS_from_sfnt_stream.isra.29
0010c6f0 00000174 T FT_Get_Sfnt_Name
0010c864 0000013c T FT_Outline_New
0010c9a0 00000108 T ft_mem_qrealloc
0010caa8 00000010 T ft_mem_free
0010cab8 0000006c T ft_mem_dup
0010cb24 0000008c T ft_mem_strdup
0010cbb0 00000064 T ft_mem_strcpyn
0010cc14 00000044 T FT_List_Find
0010cc58 00000034 T FT_List_Add
0010cc8c 00000034 T FT_List_Insert
0010ccc0 00000030 T FT_List_Remove
0010ccf0 00000044 T FT_List_Up
0010cd34 00000054 T FT_List_Iterate
0010cd88 00000090 T FT_List_Finalize
0010ce18 00000034 t tt_get_kerning
0010ce4c 00000118 t tt_face_get_location
0010cf64 00000090 t TT_Load_Glyph_Header
0010cff4 00000020 t tt_size_init
0010d014 00000010 t tt_driver_init
0010d024 00000004 t tt_driver_done
0010d028 00000008 t Current_Ppem
0010d030 0000000c t Read_CVT
0010d03c 0000000c t Write_CVT
0010d048 00000014 t Move_CVT
0010d05c 00000024 t Direct_Move_X
0010d080 00000028 t Direct_Move_Y
0010d0a8 00000014 t Direct_Move_Orig_X
0010d0bc 00000018 t Direct_Move_Orig_Y
0010d0d4 00000018 t Round_None
0010d0ec 000000f0 t SetSuperRound
0010d1dc 00000044 t Project
0010d220 00000044 t Dual_Project
0010d264 00000008 t Project_x
0010d26c 00000008 t Project_y
0010d274 0000017c t Compute_Funcs
0010d3f0 000000a8 t SkipCode
0010d498 000002d0 t Ins_MIRP
0010d768 00000128 t Ins_DELTAP
0010d890 000002a8 t TT_Hint_Glyph
0010db38 00000048 t TT_Access_Glyph_Frame
0010db80 00000008 t TT_Forget_Glyph_Frame
0010db88 0000007c t Direct_Move_Orig
0010dc04 0000009c t Direct_Move
0010dca0 0000016c t Compute_Point_Displacement
0010de0c 000003c4 t Ins_IP
0010e1d0 000000c8 t Read_CVT_Stretched
0010e298 0000048c t TT_Load_Simple_Glyph
0010e724 0000000c t tt_slot_init
0010e730 00000170 t tt_face_done
0010e8a0 0000048c t TT_Get_MM_Var
0010ed2c 000002d0 t TT_Load_Composite_Glyph
0010effc 00000034 t tt_property_get
0010f030 0000004c t tt_property_set
0010f07c 00000140 t tt_get_metrics
0010f1bc 00000054 t Ins_Goto_CodeRange.part.4
0010f210 0000002c t Round_To_Grid
0010f23c 00000038 t Round_To_Half_Grid
0010f274 00000024 t Round_Down_To_Grid
0010f298 0000002c t Round_Up_To_Grid
0010f2c4 0000002c t Round_To_Double_Grid
0010f2f0 0000006c t Round_Super
0010f35c 00000068 t Round_Super_45
0010f3c4 00000064 t Ins_JMPR.isra.18
0010f428 000000b0 t Move_Zp2_Point
0010f4d8 0000028c t Ins_MDRP.isra.49
0010f764 00000180 t _iup_worker_interpolate.part.53
0010f8e4 000000fc t ft_var_apply_tuple.isra.55
0010f9e0 000008c4 t TT_Vary_Apply_Glyph_Deltas
001102a4 000004b4 t tt_face_vary_cvt
00110758 000000fc t tt_face_load_cvt
00110854 0000052c t TT_Set_MM_Blend
00110d80 0000048c t TT_Set_Var_Design
0011120c 00000d74 t tt_face_init
00111f80 00000074 t tt_get_interface
00111ff4 00000050 t Normalize.part.59
00112044 0000014c t tt_get_advances
00112190 000000f4 t Ins_SxVTL
00112284 00000104 t Ins_UNKNOWN
00112388 00000178 t tt_size_done
00112500 000002a0 t TT_Load_Context
001127a0 000000c8 t Write_CVT_Stretched
00112868 000000c4 t Current_Ppem_Stretched
0011292c 000000d0 t Move_CVT_Stretched
001129fc 000003f0 t tt_size_run_prep
00112dec 000001d8 t tt_size_select
00112fc4 0000040c t tt_size_request
001133d0 00002e80 T TT_RunIns
00116250 000012d0 t load_truetype_glyph
00117520 00000124 T TT_New_Context
00117644 000010b4 t tt_glyph_load
001186f8 000000e4 t T1_Get_Multi_Master
001187dc 000000bc t T1_Set_MM_Blend
00118898 00000028 t parse_buildchar
001188c0 00000010 t parse_private
001188d0 00000010 t T1_GlyphSlot_Done
001188e0 00000008 t T1_Driver_Init
001188e8 00000004 t T1_Driver_Done
001188ec 00000008 t t1_get_ps_name
001188f4 00000024 t t1_ps_get_font_info
00118918 00000010 t t1_ps_get_font_extra
00118928 00000008 t t1_ps_has_glyph_names
00118930 00000020 t t1_ps_get_font_private
00118950 00000030 t compare_kern_pairs
00118980 0000004c t T1_GlyphSlot_Init
001189cc 000004f4 t t1_allocate_blend
00118ec0 00000118 t parse_weight_vector
00118fd8 00000174 t parse_blend_design_positions
0011914c 000001c4 t parse_blend_design_map
00119310 000004d0 t parse_encoding
001197e0 0000060c t T1_Load_Glyph
00119dec 0000005c t t1_get_name_index
00119e48 0000012c t parse_blend_axis_types
00119f74 00000768 t t1_ps_get_font_value
0011a6dc 00000108 t t1_parse_font_matrix
0011a7e4 0000000c t Get_Interface
0011a7f0 000000cc t T1_Get_Track_Kerning
0011a8bc 00000024 t t1_get_glyph_name
0011a8e0 000000b8 t Get_Kerning
0011a998 0000006c t T1_Size_Done
0011aa04 00000098 t t1_get_index
0011aa9c 00000438 t T1_Read_Metrics
0011aed4 00000174 t T1_Done_Blend.isra.4
0011b048 00000198 t T1_Face_Done
0011b1e0 00000084 t T1_Size_Init
0011b264 000000a0 t T1_Size_Request
0011b304 0000060c t T1_Get_MM_Var
0011b910 000000e0 t check_type1_format
0011b9f0 00000204 t T1_Set_MM_Design
0011bbf4 00000068 t T1_Set_Var_Design
0011bc5c 00000264 t T1_Compute_Max_Advance
0011bec0 00000320 t parse_subrs
0011c1e0 0000027c t T1_Get_Advances
0011c45c 00000180 t T1_Parse_Glyph
0011c5dc 0000075c t parse_charstrings
0011cd38 0000064c t parse_dict
0011d384 00000b48 t T1_Open_Face
0011decc 00000430 t T1_Face_Init
0011e2fc 00000034 t cff_get_kerning
0011e330 00000014 t cff_ps_has_glyph_names
0011e344 00000034 t cff_get_is_cid
0011e378 00000050 t cff_get_cid_from_glyph_index
0011e3c8 00000010 t cff_slot_done
0011e3d8 00000060 t cff_driver_init
0011e438 0000001c t cff_cmap_encoding_init
0011e454 0000000c t cff_cmap_encoding_done
0011e460 00000018 t cff_cmap_encoding_char_index
0011e478 0000004c t cff_cmap_encoding_char_next
0011e4c4 00000058 t cff_cmap_unicode_init
0011e51c 00000014 t cff_cmap_unicode_char_index
0011e530 00000014 t cff_cmap_unicode_char_next
0011e544 00000004 t cf2_free_instance
0011e548 0000013c t cf2_hintmap_map
0011e684 00000308 t cf2_hintmap_insertHint
0011e98c 000001fc t cf2_glyphpath_computeOffset
0011eb88 00000050 t cff_slot_init
0011ebd8 000003d0 t cff_parse_real
0011efa8 00000028 t cff_cmap_unicode_done
0011efd0 00000090 t cff_get_cmap_info
0011f060 00000060 t cff_get_ps_name
0011f0c0 000000bc t cff_get_name_index
0011f17c 00000060 t cff_index_get_sid_string
0011f1dc 0000008c t cf2_stack_getReal
0011f268 000001a8 t cf2_hint_init.isra.47
0011f410 000001a0 t cff_index_init
0011f5b0 000001e4 t cf2_computeDarkening.part.60
0011f794 000000b4 t cff_property_get
0011f848 0000012c t cff_property_set
0011f974 00000064 t cff_get_interface
0011f9d8 00000004 t cff_driver_done
0011f9dc 00000124 t cff_builder_start_point.part.56
0011fb00 00000160 t cf2_builder_cubeTo
0011fc60 000000e4 t cf2_builder_lineTo
0011fd44 00000090 t cff_size_done
0011fdd4 00000b58 t cff_size_init
0012092c 00000138 t cff_size_select
00120a64 00000180 t cff_size_request
00120be4 000000d4 t cf2_builder_moveTo
00120cb8 000000f0 t cff_parse_num
00120da8 0000013c t do_fixed
00120ee4 000002b4 t cff_parse_font_matrix
00121198 00000074 t cff_sid_to_glyph_name
0012120c 00000358 t cff_face_done
00121564 00000254 t cff_index_access_element
001217b8 00000118 t cf2_getSeacComponent.isra.52
001218d0 00000098 t cff_get_glyph_name
00121968 0000022c t cf2_glyphpath_hintPoint
00121b94 00000514 t cf2_glyphpath_pushPrevElem
001220a8 00000128 t cff_parse_private_dict
001221d0 000002e0 t cff_parse_cid_ros
001224b0 00000e98 t cf2_hintmap_build
00123348 000002a0 t cff_index_get_name
001235e8 0000012c t cff_get_ros
00123714 00000440 t cff_parse_font_bbox
00123b54 00000324 t cf2_doStems.isra.61.constprop.74
00123e78 00000288 t cff_ps_get_font_info
00124100 00000490 t cf2_glyphpath_lineTo
00124590 00000760 t cf2_doFlex
00124cf0 000006dc t cf2_glyphpath_curveTo
001253cc 00001770 t cff_face_init
00126b3c 00003d04 t cf2_interpT2CharString
0012a840 00000bbc t cf2_decoder_parse_charstrings
0012b3fc 00000cc8 t cff_slot_load
0012c0c4 00000050 t cff_glyph_load
0012c114 00000284 t cff_get_advances
0012c398 00000054 t parse_expansion_factor
0012c3ec 00000010 t cid_slot_done
0012c3fc 00000008 t cid_driver_init
0012c404 00000004 t cid_driver_done
0012c408 0000001c t cid_get_postscript_name
0012c424 00000024 t cid_ps_get_font_info
0012c448 00000014 t cid_ps_get_font_extra
0012c45c 0000002c t cid_get_ros
0012c488 00000014 t cid_get_is_cid
0012c49c 00000010 t cid_get_cid_from_glyph_index
0012c4ac 0000004c t cid_slot_init
0012c4f8 000003c8 t cid_load_glyph
0012c8c0 000003e4 t cid_slot_load_glyph
0012cca4 00000150 t cid_face_done
0012cdf4 00000130 t cid_parse_font_matrix
0012cf24 000000a4 t parse_fd_array
0012cfc8 0000000c t cid_get_interface
0012cfd4 0000006c t cid_size_done
0012d040 00000c20 t cid_face_open
0012dc60 000002a0 t cid_face_init
0012df00 0000007c t cid_size_request
0012df7c 00000090 t cid_size_init
0012e00c 00000060 t pfr_cmap_init
0012e06c 00000010 t pfr_cmap_done
0012e07c 00000080 t pfr_cmap_char_index
0012e0fc 000000bc t pfr_cmap_char_next
0012e1b8 000002b4 t pfr_face_get_kerning
0012e46c 000000c4 t pfr_extra_item_load_stem_snaps
0012e530 00000220 t pfr_extra_item_load_bitmap_info
0012e750 00000050 t pfr_slot_done
0012e7a0 000000fc t pfr_face_done
0012e89c 0000003c t pfr_slot_init
0012e8d8 00000190 t pfr_extra_item_load_kerning_pairs
0012ea68 00000074 t pfr_extra_item_load_font_id
0012eadc 000000f4 t pfr_aux_name_load
0012ebd0 0000000c t pfr_get_service
0012ebdc 0000007c t pfr_get_metrics
0012ec58 00000048 t pfr_get_advance
0012eca0 00000c48 t pfr_face_init
0012f8e8 00000cd0 t pfr_glyph_load_rec
001305b8 00000ab4 t pfr_slot_load
0013106c 000002e8 t pfr_get_kerning
00131354 00000004 t T42_Driver_Done
00131358 00000008 t t42_get_ps_font_name
00131360 00000024 t t42_ps_get_font_info
00131384 00000010 t t42_ps_get_font_extra
00131394 00000008 t t42_ps_has_glyph_names
0013139c 00000020 t t42_ps_get_font_private
001313bc 00000054 t T42_Size_Select
00131410 00000054 t T42_Size_Request
00131464 00000008 t T42_GlyphSlot_Done
0013146c 0000004c t T42_GlyphSlot_Init
001314b8 00000038 t T42_Size_Done
001314f0 00000038 t T42_Size_Init
00131528 00000128 t T42_Face_Done
00131650 00000030 t T42_Driver_Init
00131680 00000074 t t42_get_name_index
001316f4 0000046c t t42_parse_sfnts
00131b60 000000f8 t t42_parse_font_matrix
00131c58 0000000c t T42_Get_Interface
00131c64 00000024 t t42_get_glyph_name
00131c88 0000048c t t42_parse_charstrings
00132114 00000458 t t42_parse_encoding
0013256c 0000015c t T42_GlyphSlot_Load
001326c8 00000ac0 t T42_Face_Init
00133188 0000002c t fnt_cmap_init
001331b4 0000001c t fnt_cmap_char_index
001331d0 0000003c t fnt_cmap_char_next
0013320c 00000024 t winfnt_get_header
00133230 00000048 t FNT_Size_Select
00133278 00000204 t FNT_Load_Glyph
0013347c 0000000c t winfnt_get_service
00133488 000000c4 t fnt_font_load
0013354c 00000078 t FNT_Face_Done
001335c4 000000c4 t FNT_Size_Request
00133688 00000be0 t FNT_Face_Init
00134268 00000020 t pcf_cmap_init
00134288 00000010 t pcf_cmap_done
00134298 00000088 t pcf_cmap_char_index
00134320 000000b4 t pcf_cmap_char_next
001343d4 0000001c t pcf_get_charset_id
001343f0 00000044 t PCF_Size_Select
00134434 000000c8 t PCF_Size_Request
001344fc 000002cc t PCF_Glyph_Load
001347c8 00000144 t PCF_Face_Done
0013490c 0000000c t pcf_driver_requester
00134918 00000070 t pcf_find_property.isra.0
00134988 00000094 t pcf_get_metric
00134a1c 00000098 t pcf_get_bdf_property
00134ab4 000001fc t pcf_get_accel
00134cb0 00001564 t pcf_load_font
00136214 000001bc t PCF_Face_Init
001363d0 00000024 t by_encoding
001363f4 00000024 t bdf_cmap_init
00136418 00000010 t bdf_cmap_done
00136428 0000008c t bdf_cmap_char_index
001364b4 000000bc t bdf_cmap_char_next
00136570 0000001c t bdf_get_charset_id
0013658c 00000044 t BDF_Size_Select
001365d0 00000140 t BDF_Glyph_Load
00136710 0000000c t bdf_driver_requester
0013671c 000000e0 t _bdf_atos.constprop.8
001367fc 000000b8 t _bdf_atous.constprop.9
001368b4 000000dc t _bdf_atol.constprop.10
00136990 000000c0 t _bdf_atoul.constprop.11
00136a50 000000cc t BDF_Size_Request
00136b1c 00000310 t bdf_free_font
00136e2c 00000094 t BDF_Face_Done
00136ec0 0000043c t _bdf_list_split
001372fc 000000b4 t bdf_get_font_property.part.3
001373b0 00000100 t bdf_get_bdf_property
001374b0 00000274 t hash_insert
00137724 00000f04 t _bdf_parse_glyphs
00138628 00000a6c t _bdf_add_property.isra.5
00139094 0000065c t _bdf_parse_properties
001396f0 00001560 t BDF_Face_Init
0013ac50 00000f14 t _bdf_parse_start
0013bb64 0000000c t tt_cmap_init
0013bb70 00000018 t tt_cmap0_char_index
0013bb88 0000003c t tt_cmap0_char_next
0013bbc4 00000024 t tt_cmap0_get_info
0013bbe8 000000fc t tt_cmap2_char_index
0013bce4 00000024 t tt_cmap2_get_info
0013bd08 00000038 t tt_cmap4_init
0013bd40 00000150 t tt_cmap4_set_range
0013be90 000000e0 t tt_cmap4_next
0013bf70 000005c8 t tt_cmap4_char_map_binary
0013c538 00000024 t tt_cmap4_get_info
0013c55c 00000044 t tt_cmap6_char_index
0013c5a0 000000c4 t tt_cmap6_char_next
0013c664 00000024 t tt_cmap6_get_info
0013c688 000000d8 t tt_cmap8_char_index
0013c760 00000188 t tt_cmap8_char_next
0013c8e8 00000038 t tt_cmap8_get_info
0013c920 00000084 t tt_cmap10_char_index
0013c9a4 000000d4 t tt_cmap10_char_next
0013ca78 00000038 t tt_cmap10_get_info
0013cab0 0000003c t tt_cmap12_init
0013caec 0000014c t tt_cmap12_next
0013cc38 000001b4 t tt_cmap12_char_map_binary
0013cdec 00000024 t tt_cmap12_char_index
0013ce10 00000038 t tt_cmap12_get_info
0013ce48 0000003c t tt_cmap13_init
0013ce84 000000f0 t tt_cmap13_next
0013cf74 000001a0 t tt_cmap13_char_map_binary
0013d114 00000024 t tt_cmap13_char_index
0013d138 00000038 t tt_cmap13_get_info
0013d170 00000040 t tt_cmap14_init
0013d1b0 00000008 t tt_cmap14_char_index
0013d1b8 0000000c t tt_cmap14_char_next
0013d1c4 00000014 t tt_cmap14_get_info
0013d1d8 0000000c t tt_get_cmap_info
0013d1e4 0000024c t tt_face_get_kerning
0013d430 0000002c t compare_offsets
0013d45c 000000a0 t get_sfnt_table
0013d4fc 00000300 t tt_sbit_decoder_load_byte_aligned
0013d7fc 00000274 t tt_sbit_decoder_load_bit_aligned
0013da70 0000025c t tt_cmap2_validate
0013dccc 00000454 t tt_cmap4_validate
0013e120 000000c8 t tt_cmap6_validate
0013e1e8 00000300 t tt_cmap8_validate
0013e4e8 00000104 t tt_cmap10_validate
0013e5ec 000001fc t tt_cmap12_validate
0013e7e8 00000208 t tt_cmap13_validate
0013e9f0 000003b8 t tt_cmap14_validate
0013eda8 000000b8 t tt_name_entry_ascii_from_other
0013ee60 000000d0 t tt_name_entry_ascii_from_utf16
0013ef30 00000038 t tt_cmap14_done
0013ef68 000000cc t tt_face_free_ps_names
0013f034 00000080 t tt_face_free_name
0013f0b4 00000028 t sfnt_stream_close
0013f0dc 0000000c t sfnt_get_interface
0013f0e8 00000258 t tt_face_load_kern
0013f340 00000028 t tt_face_free_sbit
0013f368 000001ac t sfnt_done_face
0013f514 00000060 t tt_face_goto_table
0013f574 00000068 t tt_face_load_hmtx
0013f5dc 00000178 t tt_face_get_metrics
0013f754 00000138 t tt_face_load_gasp
0013f88c 0000029c t tt_face_get_name
0013fb28 000000b0 t tt_face_load_any
0013fbd8 0000000c t tt_face_set_sbit_strike
0013fbe4 0000029c t tt_face_load_sbit
0013fe80 00000044 t tt_face_load_pclt
0013fec4 000001a4 t tt_face_load_name
00140068 00000044 t tt_face_load_post
001400ac 000000f4 t tt_face_load_maxp
001401a0 00000080 t tt_face_load_hhea
00140220 000008cc t tt_sbit_decoder_load_image
00140aec 00000124 t tt_sbit_decoder_load_compound
00140c10 00000298 t tt_face_build_cmaps
00140ea8 00000ae4 t sfnt_load_face
0014198c 000002bc t tt_cmap4_char_next
00141c48 00000058 t tt_cmap12_char_next
00141ca0 00000058 t tt_cmap13_char_next
00141cf8 00000078 t sfnt_table_info
00141d70 000000b0 t tt_cmap0_validate
00141e20 0000004c t tt_face_load_cmap
00141e6c 000001f4 t tt_face_load_strike_metrics
00142060 000004e8 t load_post_names
00142548 00000180 t sfnt_get_glyph_name
001426c8 0000026c t sfnt_get_ps_name
00142934 0000044c t tt_face_load_sbit_image
00142d80 000003dc t tt_face_load_font_dir
0014315c 00000044 t tt_face_load_head
001431a0 000000f8 t tt_face_load_os2
00143298 00000b08 t sfnt_init_face
00143da0 00000044 t tt_face_load_bhed
00143de4 00000148 t tt_cmap2_char_next
00143f2c 000000c4 t tt_cmap14_variants
00143ff0 000000e4 t tt_cmap14_get_nondef_chars
001440d4 0000039c t tt_face_find_bdf_prop
00144470 00000124 t tt_cmap14_get_def_chars
00144594 00000474 t tt_cmap14_variant_chars
00144a08 000002e0 t tt_cmap14_char_variants
00144ce8 000002f0 t tt_cmap14_char_var_index
00144fd8 000002e0 t tt_cmap14_char_var_isdefault
001452b8 000001b8 t sfnt_get_name_index
00145470 0000019c t tt_cmap4_char_index
0014560c 00000178 t tt_face_get_ps_name
00145784 00000398 t sfnt_get_charset_id
00145b1c 000001d0 t af_sort_and_quantize_widths
00145cec 00000038 t af_dummy_hints_init
00145d24 00000298 t af_latin_hints_link_segments
00145fbc 0000009c t af_latin_hints_init
00146058 0000008c t af_cjk_hints_init
001460e4 00000020 t af_autofitter_init
00146104 00000004 t af_autofitter_done
00146108 00000804 t af_glyph_hints_reload
0014690c 000005c4 t af_latin_hints_compute_segments
00146ed0 000001b8 t af_axis_hints_new_edge
00147088 0000009c t af_face_globals_free
00147124 0000000c t af_get_interface
00147130 000007c4 t af_cjk_hints_detect_features
001478f4 0000030c t af_cjk_metrics_scale
00147c00 00000004 t af_indic_metrics_scale
00147c04 000003e0 t af_latin_metrics_scale
00147fe4 00000514 t af_cjk_metrics_init_blues
001484f8 000009b8 t af_latin_metrics_init_blues
00148eb0 000003f0 t af_cjk_metrics_init_widths
001492a0 000000f0 t af_cjk_metrics_init
00149390 0000008c t af_indic_hints_init
0014941c 00000090 t af_dummy_hints_apply
001494ac 000000ec t af_indic_metrics_init
00149598 0000041c t af_face_globals_new
001499b4 000001a0 t af_property_get
00149b54 00000158 t af_property_set
00149cac 000007f4 t af_autofitter_load_glyph
0014a4a0 00000b34 t af_cjk_hints_apply
0014afd4 00000004 t af_indic_hints_apply
0014afd8 000003f0 t af_latin_metrics_init_widths
0014b3c8 000000f0 t af_latin_metrics_init
0014b4b8 000021fc t af_latin_hints_apply
0014d6b4 00000008 T af_get_coverage
0014d6bc 0000003c T af_get_char_index
0014d6f8 0000002c t t1_hints_open
0014d724 0000002c t t2_hints_open
0014d750 00000008 t pshinter_get_globals_funcs
0014d758 00000008 t pshinter_get_t1_funcs
0014d760 00000008 t pshinter_get_t2_funcs
0014d768 000000d8 t ps_hinter_init
0014d840 0000002c t psh_globals_destroy
0014d86c 00000134 t psh_blues_set_zones_0.isra.5
0014d9a0 000001ac t psh_blues_set_zones
0014db4c 0000026c t psh_globals_new
0014ddb8 00000138 t psh_hint_table_activate_mask.isra.9
0014def0 000002bc t psh_hint_table_find_strong_points.isra.12
0014e1ac 000005a8 t psh_hint_align
0014e754 000001d4 t ps_hinter_done
0014e928 000003ac t ps_mask_table_merge_all
0014ecd4 00000078 t ps_hints_close
0014ed4c 00000380 t psh_hint_table_init.isra.14
0014f0cc 00000484 t psh_globals_set_scale
0014f550 00001400 T ps_hints_apply
00150950 0000013c t ps_hints_t1reset
00150a8c 0000023c t ps_dimension_set_mask_bits
00150cc8 0000023c t ps_dimension_add_t1stem.constprop.29
00150f04 00000064 t t1_hints_stem
00150f68 00000250 t t2_hints_stems
001511b8 000006cc t ps_hints_t1stem3
00151884 0000026c t ps_hints_t2counter
00151af0 00000274 t ps_hints_t2mask
00151d64 00000088 t Split_Conic
00151dec 000000e8 t Split_Cubic
00151ed4 00000034 t Vertical_Sweep_Init
00151f08 00000110 t Vertical_Sweep_Span
00152018 000001ac t Vertical_Sweep_Drop
001521c4 00000014 t Vertical_Sweep_Step
001521d8 00000004 t Horizontal_Sweep_Init
001521dc 00000088 t Horizontal_Sweep_Span
00152264 000001e4 t Horizontal_Sweep_Drop
00152448 00000004 t Horizontal_Sweep_Step
0015244c 00000004 t ft_black_reset
00152450 00000008 t ft_black_set_mode
00152458 0000002c t ft_raster1_init
00152484 00000014 t ft_raster1_set_mode
00152498 0000000c t ft_black_done
001524a4 00000280 t ft_black_render
00152724 00000040 t ft_black_new
00152764 00000034 t ft_raster1_get_cbox
00152798 000001f0 t ft_raster1_render
00152988 00000054 t ft_raster1_transform
001529dc 00000174 t gray_hline
00152b50 00000004 t gray_raster_reset
00152b54 00000008 t gray_raster_set_mode
00152b5c 0000002c t ft_smooth_init
00152b88 00000014 t ft_smooth_set_mode
00152b9c 0000000c t gray_raster_done
00152ba8 000000d8 t gray_render_span
00152c80 00000040 t gray_raster_new
00152cc0 00000034 t ft_smooth_get_cbox
00152cf4 00000350 t ft_smooth_render_lcd_v
00153044 00000140 t gray_convert_glyph_inner
00153184 000006e8 t gray_raster_render
0015386c 00000054 t ft_smooth_transform
001538c0 00000148 t gray_set_cell
00153a08 000003b8 t gray_render_scanline
00153dc0 00000178 t gray_move_to
00153f38 000005f0 t gray_render_line
00154528 000002cc t gray_cubic_to
001547f4 000001a8 t gray_conic_to
0015499c 00000024 t gray_line_to
001549c0 000002ac t ft_smooth_render
00154c6c 0000032c t ft_smooth_render_lcd
00154f98 00000014 t ftc_size_node_compare_faceid
00154fac 00000014 t ftc_face_node_compare
00154fc0 00000008 t ftc_cmap_node_weight
00154fc8 00000020 t ftc_cmap_node_remove_faceid
00154fe8 00000034 t ftc_gnode_compare
00154fe8 00000034 t FTC_GNode_Compare
0015501c 00000068 t ftc_inode_weight
00155084 00000048 t ftc_snode_weight
001550cc 000000a0 t ftc_basic_family_compare
0015516c 0000003c t ftc_basic_family_init
001551a8 00000068 t ftc_cmap_node_new
00155210 000001a8 t FTC_MruList_New
001553b8 00000010 t ftc_cmap_node_free
001553c8 00000010 t ftc_size_node_done
001553d8 000001ac t ftc_cache_resize
00155584 00000104 t ftc_node_destroy
00155688 00000120 t ftc_cache_done
001557a8 00000048 t ftc_cache_init
001557f0 00000050 t ftc_cmap_node_compare
00155840 00000094 t ftc_size_node_compare
001558d4 0000004c t ftc_face_node_init
00155920 00000088 t ftc_gcache_init
001559a8 00000238 t FTC_Cache_NewNode
00155be0 0000007c t ftc_gcache_done
00155c5c 0000014c t ftc_face_node_done
00155da8 00000168 t ftc_size_node_init
00155f10 00000170 t ftc_size_node_reset
00156080 000000bc t ftc_basic_family_get_count
0015613c 00000158 t ftc_basic_family_load_bitmap
00156294 00000194 t ftc_basic_family_load_glyph
00156428 00000358 t ftc_snode_compare
00156780 000000d0 t ftc_inode_free
00156850 000000e8 t ftc_snode_free
00156938 00000148 t ftc_inode_new
00156a80 00000384 t ftc_snode_new
00156e04 000000b8 t ftc_basic_gnode_compare_faceid
00156ebc 00000154 T FTC_Manager_LookupSize
00157010 000000c8 T FTC_Manager_LookupFace
001570d8 00000108 T FTC_Manager_New
001571e0 00000164 T FTC_Manager_Done
00157344 00000154 T FTC_Manager_Reset
00157498 000002b4 T FTC_Manager_RemoveFaceID
0015774c 00000028 T FTC_Node_Unref
00157774 000000fc T FTC_CMapCache_New
00157870 000002b4 T FTC_CMapCache_Lookup
00157b24 000000fc T FTC_ImageCache_New
00157c20 00000330 T FTC_ImageCache_Lookup
00157f50 000003c8 T FTC_ImageCache_LookupScaler
00158318 000000fc T FTC_SBitCache_New
00158414 000003a8 T FTC_SBitCache_Lookup
001587bc 00000428 T FTC_SBitCache_LookupScaler
00158be4 00000004 t ft_gzip_free
00158be8 0000001c t ft_gzip_alloc
00158c04 0000007c t ft_gzip_stream_close
00158c80 0000011c t ft_gzip_file_fill_output
00158d9c 0000014c t ft_gzip_file_io
00158ee8 00000008 t ft_gzip_stream_io
00158ef0 00000588 T FT_Stream_OpenGzip
00159478 00000100 T FT_Gzip_Uncompress
00159578 00000180 t ft_lzwstate_get_code
001596f8 000000a4 t ft_lzw_stream_close
0015979c 00000f5c t ft_lzw_stream_io
0015a6f8 000001ec T FT_Stream_OpenLZW
0015a8e4 0000002c T ft_lzwstate_reset
0015a910 0000006c T ft_lzwstate_init
0015a97c 00000070 T ft_lzwstate_done
0015a9ec 000006c8 T ft_lzwstate_io
0015b0b4 00000234 t skip_literal_string
0015b2e8 0000004c t ps_parser_init
0015b334 00000004 t ps_parser_done
0015b338 0000002c t t1_builder_done
0015b364 000000c8 t t1_builder_close_contour
0015b42c 0000002c t t1_decoder_done
0015b458 00000018 t t1_cmap_std_done
0015b470 00000038 t t1_cmap_standard_init
0015b4a8 00000038 t t1_cmap_expert_init
0015b4e0 0000002c t t1_cmap_custom_init
0015b50c 00000014 t t1_cmap_custom_done
0015b520 00000034 t t1_cmap_custom_char_index
0015b554 00000080 t t1_cmap_custom_char_next
0015b5d4 0000000c t psaux_get_glyph_name
0015b5e0 00000040 t t1_cmap_unicode_init
0015b620 00000010 t t1_cmap_unicode_char_index
0015b630 00000010 t t1_cmap_unicode_char_next
0015b640 00000030 t afm_compare_kern_pairs
0015b670 000001b8 t PS_Conv_Strtol
0015b828 00000050 t t1_decrypt
0015b878 0000005c t ps_table_release
0015b8d4 0000001c t afm_parser_done
0015b8f0 00000028 t t1_cmap_unicode_done
0015b918 000000a0 t ps_table_done
0015b9b8 00000060 t afm_parser_init
0015ba18 000000d8 t ps_table_new
0015baf0 00000068 t t1_builder_add_point
0015bb58 000000a8 t t1_builder_add_contour
0015bc00 000000b0 t t1_builder_init
0015bcb0 00000098 t t1_lookup_glyph_by_stdcharcode
0015bd48 00000090 t afm_tokenize
0015bdd8 000000e4 t afm_stream_read_one
0015bebc 00000154 t ps_table_add
0015c010 0000008c t t1_cmap_std_char_index
0015c09c 000000b4 t t1_cmap_std_char_next
0015c150 00000048 t t1_builder_check_points
0015c198 00000124 t t1_decoder_init
0015c2bc 000000d0 t afm_stream_read_string
0015c38c 000001c0 t PS_Conv_ToInt
0015c54c 00000364 t PS_Conv_ToFixed
0015c8b0 000001f8 t skip_procedure
0015caa8 00000254 t afm_parser_read_vals
0015ccfc 0000021c t afm_parser_read_vals.constprop.7
0015cf18 00000134 t afm_parser_next_key.isra.1.constprop.9
0015d04c 000001a4 t ps_tofixedarray
0015d1f0 000000a4 t t1_builder_add_point1
0015d294 00000094 t ps_parser_skip_spaces
0015d328 00000258 t ps_parser_to_int
0015d580 00000098 t ps_parser_to_fixed
0015d618 00000274 t ps_parser_to_coord_array
0015d88c 000000a8 t ps_parser_to_fixed_array
0015d934 00000204 t ps_parser_to_bytes
0015db38 00000148 t t1_builder_start_point.part.4
0015dc80 0000015c t t1_builder_start_point
0015dddc 00000340 t ps_parser_skip_PS_token
0015e11c 00000320 t ps_parser_to_token
0015e43c 000003a8 t ps_parser_to_token_array
0015e7e4 000005c8 t ps_parser_load_field
0015edac 000001ec t ps_parser_load_field_table
0015ef98 00000ae8 t afm_parser_parse
0015fa80 00001810 t t1_decoder_parse_charstrings
00161290 00000038 t compare_uni_maps
001612c8 000000c0 t ps_unicodes_char_index
00161388 000000d0 t ps_unicodes_char_next
00161458 00000030 t ps_get_macintosh_name
00161488 00000030 t ps_get_standard_strings
001614b8 0000000c t psnames_get_service
001614c4 00000180 t ft_get_adobe_glyph_index.part.0
00161644 0000022c t ps_unicode_value
00161870 0000049c t ps_unicodes_init
00161d0c 00000024 t ft_ansi_stream_close
00161d30 0000005c t ft_ansi_stream_io
00161d8c 00000008 t ft_alloc
00161d94 00000008 t ft_free
00161d9c 0000000c t ft_realloc
00161da8 000000b4 T FT_Stream_Open
00161e5c 00000044 T FT_New_Memory
00161ea0 00000004 T FT_Done_Memory
00161ea4 00000028 T FT_Bitmap_Init
00161ecc 00000028 T FT_Bitmap_New
00161ef4 000001ac T FT_Bitmap_Copy
001620a0 000004e8 T FT_Bitmap_Convert
00162588 000006fc T FT_Bitmap_Embolden
00162c84 000001f8 T FT_GlyphSlot_Own_Bitmap
00162e7c 00000054 T FT_Bitmap_Done
00162ed0 00000030 t ft_bitmap_glyph_bbox
00162f00 00000038 t ft_outline_glyph_prepare
00162f38 00000024 t ft_bitmap_glyph_copy
00162f5c 0000000c t ft_bitmap_glyph_done
00162f68 00000008 t ft_outline_glyph_bbox
00162f70 00000034 t ft_outline_glyph_transform
00162fa4 0000003c t ft_outline_glyph_copy
00162fe0 00000058 t ft_outline_glyph_init
00163038 0000000c t ft_outline_glyph_done
00163044 0000009c t ft_bitmap_glyph_init
001630e0 000000f4 T FT_Glyph_Copy
001631d4 00000128 T FT_Get_Glyph
001632fc 00000064 T FT_Glyph_Transform
00163360 000000a4 T FT_Glyph_Get_CBox
00163404 00000034 T FT_Done_Glyph
00163438 000002c0 T FT_Glyph_To_Bitmap
001636f8 00000090 T inflateResetKeep
00163788 0000009c T inflateReset
00163824 00000120 T inflateReset2
00163944 00000184 T inflateInit2_
00163ac8 00000124 T inflateInit_
00163bec 00000078 T inflatePrime
00163c64 00001ec4 T inflate
00165b28 00000064 T inflateEnd
00165b8c 00000098 T inflateGetDictionary
00165c24 000001a0 T inflateSetDictionary
00165dc4 0000003c T inflateGetHeader
00165e00 000002b8 T inflateSync
001660b8 00000040 T inflateSyncPoint
001660f8 00000198 T inflateCopy
00166290 00000030 T inflateUndermine
001662c0 00000058 T inflateMark
00166318 00000b70 T inflate_table
00166e88 0000000c T zlibVersion
00166e94 00000008 T zlibCompileFlags
00166e9c 00000014 T zError
00166eb0 00000008 T zcalloc
00166eb8 00000008 T zcfree
00166ec0 00000448 T adler32
00167308 000000bc T adler32_combine
001673c4 000000bc T adler32_combine64
00167480 00000214 t crc32_combine_
00167694 0000000c T get_crc_table
001676a0 000003b0 T crc32
00167a50 00000004 T crc32_combine
00167a54 00000004 T crc32_combine64
00167a58 00000c34 T inflate_fast
0016868c T initSystem
001686d0 T __ctru_exit
001686f0 t .udivsi3_skip_div0_test
001686f0 T __aeabi_uidiv
001686f0 000001ec T __udivsi3
001688dc 00000020 T __aeabi_uidivmod
001688fc T __aeabi_idiv
001688fc 00000220 T __divsi3
00168904 t .divsi3_skip_div0_test
00168b1c 00000020 T __aeabi_idivmod
00168b3c 00000004 W __aeabi_idiv0
00168b3c 00000004 W __aeabi_ldiv0
00168b40 0000019c T __aeabi_frsub
00168b48 00000194 T __aeabi_fsub
00168b48 00000194 T __subsf3
00168b4c 00000190 T __addsf3
00168b4c 00000190 T __aeabi_fadd
00168cdc 00000028 T __aeabi_ui2f
00168cdc 00000028 T __floatunsisf
00168ce4 00000020 T __aeabi_i2f
00168ce4 00000020 T __floatsisf
00168d04 0000008c T __aeabi_ul2f
00168d04 0000008c T __floatundisf
00168d14 0000007c T __aeabi_l2f
00168d14 0000007c T __floatdisf
00168d90 T __aeabi_uldivmod
00168dcc 00000128 T __udivmoddi4
00168ef4 00000014 T setjmp
00168f08 00000018 T longjmp
00168f28 00000390 T strcmp
001692c0 00000008 t null_write
001692c8 00000018 T setDefaultDevice
001692e0 000000bc T FindDevice
0016939c 0000002c T RemoveDevice
001693c8 00000098 T AddDevice
00169460 00000024 T GetDeviceOpTab
00169484 0000007c T _close_r
00169500 0000006c T _fstat_r
0016956c 00000008 T _isatty_r
00169574 00000078 T _lseek_r
001695ec 000000c8 T _open_r
001696b4 00000078 T _read_r
0016972c 00000070 T _sbrk_r
0016979c 00000078 T _write_r
00169814 000001bc T _concatenate_path
001699d0 00000154 T chdir
00169b24 000000a0 T getcwd
00169bc4 00000008 T __flockfile
00169bcc 00000008 T __funlockfile
00169bd4 00000018 T __libc_lock_init
00169bec 00000018 T __libc_lock_acquire
00169c04 00000024 T __libc_lock_try_acquire
00169c28 00000018 T __libc_lock_release
00169c40 00000018 T __libc_lock_close
00169c58 00000018 T __libc_lock_init_recursive
00169c70 00000018 T __libc_lock_acquire_recursive
00169c88 00000024 T __libc_lock_try_acquire_recursive
00169cac 00000018 T __libc_lock_release_recursive
00169cc4 00000018 T __libc_lock_close_recursive
00169cdc 00000044 T __free_handle
00169d20 0000003c T __release_handle
00169d5c 00000078 T __alloc_handle
00169dd4 0000001c T __get_handle
00169df0 000000a4 T dup
00169e94 0000010c T dup2
00169fa0 00000028 T __getreent
00169fc8 00000130 W std::mersenne_twister_engine<unsigned int, 32u, 624u, 397u, 31u, 2567483615u, 11u, 4294967295u, 7u, 2636928640u, 15u, 4022730752u, 18u, 1812433253u>::operator()()
0016a0f8 0000015c T main
0016a254 0000011c t atlas_add_glyph
0016a370 00000054 t ftc_face_requester
0016a3c4 00000040 T sftd_init
0016a404 00000044 T sftd_fini
0016a448 000000c4 T sftd_load_font_mem
0016a50c 00000050 T sftd_free_font
0016a55c 00000258 T sftd_draw_text
0016a7b4 00000088 T texture_atlas_create
0016a83c 0000002c T texture_atlas_free
0016a868 00000114 T texture_atlas_insert
0016a97c 00000018 T texture_atlas_exists
0016a994 00000070 T texture_atlas_get
0016aa04 0000004c T bp2d_create
0016aa50 00000034 T bp2d_free
0016aa84 0000015c T bp2d_insert
0016abe0 0000003c T int_htab_create
0016ac1c 0000004c T int_htab_free
0016ac68 000000f8 T int_htab_insert
0016ad60 00000068 T int_htab_resize
0016adc8 000000a0 T int_htab_find
0016ae68 0000017c t ft_var_readpackedpoints
0016afe4 00000130 t ft_var_readpackeddeltas
0016b114 00000130 t tt_delta_interpolate.part.52
0016b244 000000c4 t cff_charset_compute_cids
0016b308 00000338 t cff_index_get_pointers
0016b640 00000278 t cff_parser_run
0016b8b8 00000274 t cff_subfont_load
0016bb2c 00000030 t t42_is_space
0016bb5c 00000074 t af_cjk_snap_width
0016bb5c 00000074 t af_latin_snap_width
0016bbd0 00000174 t af_warper_compute_line_best
0016bd44 00000338 t af_warper_compute
0016c07c 0000021c t af_glyph_hints_align_strong_points
0016c298 00000090 t af_glyph_hints_scale_dim.isra.3
0016c328 000001b4 t af_latin_compute_stem_width.isra.4
0016c4dc 0000004c t af_latin_align_linked_edge
0016c528 0000014c t af_cjk_compute_stem_width.isra.6
0016c674 000001b0 t af_hint_normal_stem
0016c824 000000e0 t af_iup_interp.part.11
0016c904 00000204 t af_glyph_hints_align_weak_points
0016cb08 000000d8 t New_Profile
0016cbe0 000000a8 t End_Profile
0016cc88 000000a8 t Insert_Y_Turn
0016cd30 00000204 t Bezier_Up
0016cf34 00000094 t Bezier_Down
0016cfc8 000001a0 t Conic_To
0016d168 000001c4 t Cubic_To
0016d32c 000000b0 t Sort
0016d3dc 000001d8 t Line_Up
0016d5b4 00000258 t Line_To
0016d80c 00000ad8 t Render_Single_Pass
0016e2e4 00000048 T sf2d_fini
0016e32c 0000000c T sf2d_set_3D
0016e338 0000009c T sf2d_start_frame_target
0016e3d4 00000038 T sf2d_start_frame
0016e40c 00000004 T sf2d_end_frame
0016e410 000000b0 T sf2d_swapbuffers
0016e4c0 00000040 T sf2d_pool_memalign
0016e500 00000038 T sf2d_set_clear_color
0016e538 000001ac t sf2d_init_advanced.part.0
0016e6e4 00000028 T sf2d_init
0016e70c 00000114 T sf2d_create_texture
0016e820 00000098 T sf2d_create_rendertarget
0016e8b8 00000020 T sf2d_free_texture
0016e8d8 00000014 T sf2d_clear_target
0016e8ec 00000060 T sf2d_bind_texture_color
0016e94c 00000008 T sf2d_texture_set_params
0016e954 0000016c T sf2d_draw_texture_part_scale_blend
0016eac0 0000008c T sf2d_set_pixel
0016eb4c 00000114 T sf2d_texture_tile32
0016ec60 00000028 T AttrInfo_Init
0016ec88 000000a4 T AttrInfo_AddLoader
0016ed2c 00000024 T C3D_GetAttrInfo
0016ed50 00000080 T C3Di_AttrInfoBind
0016edd0 00000088 t C3Di_AptEventHook
0016ee58 00000168 T C3D_Init
0016efc0 00000098 T C3D_SetViewport
0016f058 00000580 T C3Di_UpdateContext
0016f5d8 000000e0 T C3Di_FinalizeFrame
0016f6b8 00000048 T C3D_Fini
0016f700 000000d4 T C3D_BindProgram
0016f7d4 00000020 T BufInfo_Init
0016f7f4 00000084 T BufInfo_Add
0016f878 00000024 T C3D_GetBufInfo
0016f89c 00000048 T C3Di_BufInfoBind
0016f8e4 00000148 T C3D_DrawArrays
0016fa2c 0000003c T C3D_DepthMap
0016fa68 0000001c T C3D_CullFace
0016fa84 0000003c T C3D_StencilTest
0016fac0 00000024 T C3D_StencilOp
0016fae4 0000001c T C3D_BlendingColor
0016fb00 00000028 T C3D_DepthTest
0016fb28 00000028 T C3D_AlphaTest
0016fb50 00000050 T C3D_AlphaBlend
0016fba0 00000030 T C3D_FragOpMode
0016fbd0 0000011c T C3Di_EffectBind
0016fcec 000000b4 T C3D_ImmSendAttrib
0016fda0 000000a4 T C3D_RenderBufInit
0016fe44 00000080 T C3D_RenderBufClearAsync
0016fec4 00000028 T C3D_RenderBufTransferAsync
0016feec 00000038 T C3D_RenderBufBind
0016ff24 00000168 T C3Di_RenderBufBind
0017008c 00000018 T C3D_RenderBufDelete
001700a4 00000040 t C3Di_RenderQueueWaitDone
001700e4 00000078 t performTransfer.part.0
0017015c 00000050 t transferTarget
001701ac 00000024 t onVBlank1
001701d0 0000008c t onVBlank0
0017025c 0000003c t performClear.part.2
00170298 0000004c t clearTarget
001702e4 000000c0 t updateFrameQueue.part.4
001703a4 000000e0 t onRenderFinish
00170484 00000018 t onClearDone.part.6
00170484 00000018 t onTransferFinish.part.5
0017049c 000000b0 t onTransferFinish
0017054c 00000064 t onClearDone
001705b0 0000005c t checkRenderQueueInit.part.7
0017060c 00000064 T C3D_FrameBegin
00170670 00000078 T C3D_FrameDrawOn
001706e8 000000d0 T C3D_FrameEnd
001707b8 000000e0 T C3D_RenderTargetCreate
00170898 0000007c T C3D_RenderTargetDelete
00170914 00000084 t C3Di_RenderQueueExit
00170998 00000050 T C3D_RenderTargetSetClear
001709e8 00000058 T C3D_RenderTargetSetOutput
00170a40 00000034 T TexEnv_Init
00170a74 00000034 T C3D_GetTexEnv
00170aa8 00000024 T C3Di_TexEnvBind
00170acc 000000b8 T C3D_TexInit
00170b84 000000b8 T C3D_TexInitVRAM
00170c3c 00000024 T C3D_TexSetWrap
00170c60 00000034 T C3D_TexBind
00170c94 0000003c T C3D_TexDelete
00170cd0 000002ac T C3D_UpdateUniforms
00170f7c 000000c0 T C3Di_DirtyUniforms
0017103c 000000d4 T C3Di_LoadShaderUniforms
00171110 00000028 T C3Di_ClearShaderUniforms
00171138 00000104 T Mtx_OrthoTilt
0017123c 0000002c T Mtx_Identity
00171268 00000070 T Mtx_Multiply
001712d8 00000024 t addrMapNodeComparator(rbtree_node const*, rbtree_node const*)
001712fc 00000004 t addrMapNodeDestructor(rbtree_node*)
00171300 00000140 T linearMemAlign
00171440 00000008 T linearAlloc
00171448 00000050 T linearFree
00171498 000000a0 T MemPool::CoalesceRight(MemBlock*)
00171538 0000018c T MemPool::Allocate(MemChunk&, unsigned long, int)
001716c4 00000104 T MemPool::Deallocate(MemChunk const&)
001717c8 00000024 t addrMapNodeComparator(rbtree_node const*, rbtree_node const*)
001717ec 00000004 t addrMapNodeDestructor(rbtree_node*)
001717f0 00000130 T vramMemAlign
00171920 00000008 T vramAlloc
00171928 00000050 T vramFree
00171978 0000008c t gfxSetFramebufferInfo.part.0
00171a04 00000010 T gfxSet3D
00171a14 00000010 T gfxIs3D
00171a24 00000018 T __get_bytes_per_pixel
00171a3c 00000070 T gfxSetFramebufferInfo
00171aac 00000088 T gfxWriteFramebufferInfo
00171b34 000001d0 T gfxInit
00171d04 00000010 T gfxInitDefault
00171d14 000000e0 T gfxExit
00171df4 000000b0 T gfxGetFramebuffer
00171ea4 00000070 T gfxConfigScreen
00171f14 00000058 t getSysTime
00171f6c 0000004c T osConvertVirtToPhys
00171fb8 00000024 T osGetMemRegionUsed
00171fe0 000000f4 T __libctru_gtod
001720d8 00000078 T osGetTime
00172150 00000034 T __ctru_speedup_config
00172184 0000002c T GPUCMD_SetBuffer
001721b0 00000040 T GPUCMD_GetBuffer
001721f0 000000e4 T GPUCMD_Add
001722d4 00000098 T GPUCMD_Finalize
0017236c 00000040 T f32tof24
001723ac 00000040 T f32tof31
001723ec 00000054 T GX_ProcessCommandList
00172440 00000060 T GX_MemoryFill
001724a0 00000050 T GX_DisplayTransfer
001724f0 00000054 T GX_FlushCacheRegions
00172544 0000023c T shaderInstanceInit
00172780 00000038 T shaderInstanceFree
001727b8 00000018 T shaderInstanceGetUniformLocation
001727d0 00000018 T shaderProgramInit
001727e8 00000030 T shaderProgramFree
00172818 0000006c T shaderProgramSetVsh
00172884 000008a4 T shaderProgramConfigure
00173128 0000003c T DVLB_Free
00173164 00000080 T DVLE_GetUniformRegister
001731e4 000001f0 T DVLE_GenerateOutmap
001733d4 000001d8 T DVLB_ParseFile
001735ac 00000004 W _aptDebug
001735b0 0000012c T aptSendCommand
001736dc 0000003c t aptExitProcess
00173718 00000038 T aptHook
00173750 0000002c T aptUnhook
0017377c 0000004c T APT_InquireNotification
001737c8 00000198 t aptEventHandler
00173960 00000074 T APT_AppletUtility
001739d4 000000b0 T aptSetSleepAllowed
00173a84 000000b4 T APT_GlanceParameter
00173b38 000000c0 T APT_ReceiveParameter
00173bf8 000000a8 t aptReceiveParameter.constprop.1
00173ca0 000001e0 t aptScreenTransfer
00173e80 00000224 t aptWaitForWakeUp
001740a4 00000070 T APT_CancelParameter
00174114 0000021c T aptInit
00174330 00000088 t aptClearParamQueue
001743b8 00000208 T aptMainLoop
001745c0 00000148 T aptExit
00174708 00000070 T APT_CheckNew3DS
00174778 00000154 t gspEventThreadMain
001748cc 00000074 T gspInit
00174940 0000003c T gspExit
0017497c 0000002c T gspSetEventCallback
001749a8 00000084 T gspInitEventHandler
00174a2c 00000030 T gspExitEventHandler
00174a5c 00000044 T gspWaitForEvent
00174aa0 00000064 T gspWaitForAnyEvent
00174b04 00000128 T gspSubmitGxCommand
00174c2c 0000006c T GSPGPU_SetBufferSwap
00174c98 0000004c T GSPGPU_FlushDataCache
00174ce4 00000034 T GSPGPU_SetLcdForceBlack
00174d18 00000064 T GSPGPU_RegisterInterruptRelayQueue
00174d7c 0000002c T GSPGPU_UnregisterInterruptRelayQueue
00174da8 00000048 T GSPGPU_AcquireRight
00174df0 0000002c T GSPGPU_ReleaseRight
00174e1c 00000080 T GSPGPU_ImportDisplayCaptureInfo
00174e9c 0000002c T GSPGPU_SaveVramSysArea
00174ec8 0000002c T GSPGPU_RestoreVramSysArea
00174ef4 000000d8 T hidExit
00174fcc 00000238 T hidScanInput
00175204 00000010 T hidKeysHeld
00175214 00000090 T HIDUSER_GetHandles
001752a4 00000184 T hidInit
00175428 000000b0 T irrstScanInput
001754d8 0000001c T irrstKeysHeld
001754f4 00000050 T IRRST_GetHandles
00175544 00000148 T irrstInit
0017568c 0000002c T IRRST_Shutdown
001756b8 000000b0 T irrstExit
00175768 00000070 T ptmSysmInit
001757d8 00000034 T ptmSysmExit
0017580c 00000034 T PTMSYSM_ConfigureNew3DSCPU
00175840 00000070 T rbtree_find
001758b0 00000014 T rbtree_init
001758c4 000001d4 t do_insert
00175a98 00000008 T rbtree_insert
00175aa0 0000035c T rbtree_remove
00175dfc 000000ac T rbtree_rotate
00175ea8 00000058 t osGetMemRegionSize
00175f00 00000124 W __system_allocateHeaps
00176024 000000f4 T __system_initArgv
00176118 00000038 W __libctru_init
00176150 00000030 t __ctru_get_reent
00176180 000000e8 T __system_initSyscalls
00176268 T svcControlMemory
00176288 T svcExitProcess
00176290 T svcCreateThread
001762b0 T svcExitThread
001762b8 T svcSleepThread
001762c0 T svcReleaseMutex
001762c8 T svcCreateEvent
001762dc T svcSignalEvent
001762e4 T svcClearEvent
001762ec T svcMapMemoryBlock
001762f4 T svcUnmapMemoryBlock
001762fc T svcCreateAddressArbiter
00176310 T svcArbitrateAddress
00176328 T svcCloseHandle
00176330 T svcWaitSynchronization
00176338 T svcWaitSynchronizationN
00176360 T svcDuplicateHandle
00176374 T svcGetSystemTick
0017637c T svcGetSystemInfo
00176394 T svcConnectToPort
001763a8 T svcSendSyncRequest
001763b0 T svcBreak
001763b8 00000024 t addrMapNodeComparator(rbtree_node const*, rbtree_node const*)
001763dc 00000004 t addrMapNodeDestructor(rbtree_node*)
001763e0 000000f4 T mappableAlloc
001764d4 00000050 T mappableFree
00176524 00000094 T envGetHandle
001765b8 0000004c T envDestroyHandles
00176604 00000050 T srvExit
00176654 00000038 T srvRegisterClient
0017668c 00000070 T srvInit
001766fc 00000068 T srvGetServiceHandleDirect
00176764 00000038 T srvGetServiceHandle
0017679c 00000034 t LightLock_Unlock.part.1
001767d0 0000000c T __sync_init
001767dc 00000018 T __sync_fini
001767f4 00000010 T __sync_get_arbiter
00176804 00000018 T LightLock_Init
0017681c 00000094 T LightLock_Lock
001768b0 00000034 T LightLock_TryLock
001768e4 00000020 T LightLock_Unlock
00176904 00000024 T RecursiveLock_Init
00176928 00000030 T RecursiveLock_Lock
00176958 00000058 T RecursiveLock_TryLock
001769b0 00000038 T RecursiveLock_Unlock
001769e8 00000038 T LightEvent_Init
00176a20 0000007c T LightEvent_Clear
00176a9c 000000dc T LightEvent_Signal
00176b78 000000c8 T LightEvent_Wait
00176c40 000001c8 T threadCreate
00176e08 00000024 T threadJoin
00176e2c 0000006c T threadExit
00176e98 0000003c t _thread_begin
00176ed4 0000008c T rbtree_node_next
00176f60 0000001c W __appExit
00176f7c 0000001c W __appInit
00176f98 000000a4 W __libctru_exit
0017703c 00000010 t sdmc_link
0017704c 00000010 t sdmc_dirreset
0017705c 00000010 t sdmc_chmod
0017706c 00000010 t sdmc_fchmod
0017707c 00000024 t error_cmp
001770a0 00000050 t sdmc_translate_error
001770f0 00000034 t sdmc_fsync
00177124 00000054 t sdmc_ftruncate
00177178 000000ac t sdmc_statvfs
00177224 00000038 t sdmc_dirclose
0017725c 0000013c t sdmc_dirnext
00177398 00000034 t sdmc_close
001773cc 00000074 t sdmc_fstat
00177440 000000c0 t sdmc_seek
00177500 0000008c t sdmc_read
0017758c 00000110 t sdmc_write_safe
0017769c 000001b4 t sdmc_utf16path
00177850 00000074 t sdmc_rmdir
001778c4 000000a8 t sdmc_diropen
0017796c 000000a0 t sdmc_chdir
00177a0c 00000098 t sdmc_mkdir
00177aa4 00000108 t sdmc_rename
00177bac 00000074 t sdmc_unlink
00177c20 00000108 t sdmc_stat
00177d28 00000188 t sdmc_open
00177eb0 0000015c T sdmcInit
0017800c 00000054 T sdmcExit
00178060 00000028 t fsSessionForArchive.part.0
00178088 000000cc T fsInit
00178154 00000038 T fsExit
0017818c 00000074 T fsExemptFromSession
00178200 00000054 T fsUnexemptFromSession
00178254 000000bc T FSUSER_OpenFile
00178310 000000a4 T FSUSER_DeleteFile
001783b4 000000e0 T FSUSER_RenameFile
00178494 000000a4 T FSUSER_DeleteDirectory
00178538 000000bc T FSUSER_CreateFile
001785f4 000000ac T FSUSER_CreateDirectory
001786a0 000000e0 T FSUSER_RenameDirectory
00178780 000000a4 T FSUSER_OpenDirectory
00178824 0000009c T FSUSER_OpenArchive
001788c0 00000074 T FSUSER_CloseArchive
00178934 00000078 T FSUSER_GetSdmcArchiveResource
001789ac 00000064 T FSUSER_IsSdmcWritable
00178a10 0000005c T FSFILE_Read
00178a6c 00000064 T FSFILE_Write
00178ad0 0000003c T FSFILE_GetSize
00178b0c 0000002c T FSFILE_SetSize
00178b38 0000003c T FSFILE_Close
00178b74 00000024 T FSFILE_Flush
00178b98 00000054 T FSDIR_Read
00178bec 0000003c T FSDIR_Close
00178c28 00000138 T decode_utf8
00178d60 000000e4 T utf16_to_utf8
00178e44 000000bc T utf8_to_utf16
00178f00 T __aeabi_read_tp
00178f0c 00000060 T decode_utf16
00178f6c 00000068 T encode_utf16
00178fd4 00000104 T encode_utf8
001790d8 00000004 T operator delete(void*)
001790dc 0000000c T atol
001790e8 00000078 T bsearch
00179160 00000020 T calloc
00179180 00000090 T _calloc_r
00179210 0000000c T __errno
0017921c 00000120 T _fclose_r
0017933c 00000018 T fclose
00179354 00000230 T __sflush_r
00179584 00000090 T _fflush_r
00179614 00000038 T fflush
0017964c 0000000c T _cleanup_r
00179658 00000080 t std.isra.0
001796d8 00000048 T __sfmoreglue
00179720 0000008c T __sinit
001797ac 0000011c T __sfp
001798c8 0000000c T __sfp_lock_acquire
001798d4 0000000c T __sfp_lock_release
001798e0 0000003c T __libc_fini_array
0017991c 0000013c T _fopen_r
00179a58 00000020 T fopen
00179a78 000002ec T _fread_r
00179d64 00000038 T fread
00179d9c 000000f8 T _malloc_trim_r
00179e94 000002e4 T _free_r
0017a178 00000004 T _fseek_r
0017a17c 00000028 T fseek
0017a1a4 000004f8 T _fseeko_r
0017a69c 00000018 T ftell
0017a6b4 00000164 T _ftello_r
0017a818 00000078 T _fwalk
0017a890 00000080 T _fwalk_reent
0017a910 00000078 T __libc_init_array
0017a988 00000160 T __smakebuf_r
0017aae8 00000020 T memalign
0017ab08 0000015c T _memalign_r
0017ac64 00000018 T malloc
0017ac7c 00000018 T free
0017ac94 000007a8 T _malloc_r
0017b43c 00000100 T memchr
0017b53c 000000a8 T memcmp
0017b5e4 000000f0 T memcpy
0017b6d4 00000128 T memmove
0017b7fc 000000f4 T memset
0017b8f0 0000000c T __malloc_lock
0017b8fc 0000000c T __malloc_unlock
0017b908 00000890 T qsort
0017c198 00000020 T realloc
0017c1b8 000004c0 T _realloc_r
0017c678 0000001c t lflush
0017c694 000001d8 T __srefill_r
0017c86c 00000068 T sprintf
0017c8d4 00000030 T __sread
0017c904 00000054 T __swrite
0017c958 0000002c T __sseek
0017c984 00000008 T __sclose
0017c98c 000000f0 T strcpy
0017ca7c 0000005c T strlen
0017cad8 000000a4 T strncat
0017cb7c 0000011c T strncmp
0017cc98 000000e0 T strncpy
0017cd78 00000044 T strrchr
0017cdbc 00000118 t critical_factorization
0017ced4 0000038c t two_way_long_needle
0017d260 0000036c T strstr
0017d5cc 000001d4 T _strtol_r
0017d7a0 00000028 T strtol
0017d7c8 0000161c t get_arg
0017ede8 000049fc T _svfprintf_r
001837e8 0000008c T _wcrtomb_r
00183874 00000020 T _wcsrtombs_r
00183894 00000114 T __utf8_wctomb
001839a8 000001bc t quorem
00183b68 000012c8 T _dtoa_r
00184e30 000000b0 T __sflags
00184ee0 0000000c T __locale_charset
00184eec 00000010 T __locale_mb_cur_max
00184efc 0000000c T _localeconv_r
00184f08 000002fc T __utf8_mbtowc
00185204 0000008c T _Balloc
00185290 0000001c T _Bfree
001852ac 000000d0 T __multadd
0018537c 0000005c T __hi0bits
001853d8 00000098 T __lo0bits
00185470 00000020 T __i2b
00185490 000001dc T __multiply
0018566c 00000100 T __pow5mult
0018576c 000000f0 T __lshift
0018585c 00000064 T __mcmp
001858c0 00000198 T __mdiff
00185a58 00000104 T __d2b
00185b5c 00000074 T __fpclassifyd
00185bd0 00000094 T frexp
00185c68 0000015c T strchr
00185dc4 000001a8 T __ssprint_r
00185f6c 00000190 T _wcsnrtombs_r
001860fc 0000005c T strnlen
00186158 T _fini
00187000 R geonms_ttf
00197474 R geonms_ttf_end
00197474 R geonms_ttf_size
00197478 00000010 R vtable for nmh::Galaxy
00197488 00000010 R vtable for nmh::System
00197498 0000004c r ft_default_modules
001974e4 00000058 r ft_trig_arctan_table
0019753c 00000048 r ft_raccess_guess_table
00197584 00000100 r opcode_length
00197684 00000024 r fvar_fields.9847
001976a8 00000020 r fvaraxis_fields.9848
001976c8 00000024 r gvar_fields.9786
001976ec 000000b4 r trick_names.8230
001977a0 00000198 r sfnt_id.8259
00197938 00000030 r tt_services
00197968 00000100 r Pop_Push_Count
00197a74 00000044 R tt_default_graphics_state
00197ab8 00000060 R tt_driver_class
00197b18 00000004 r tt_service_truetype_glyf
00197b1c 00000001 r tt_service_truetype_engine
00197b20 00000014 r tt_service_gx_multi_masters
00197b34 00000008 r tt_service_properties
00197b3c 00000038 r t1_services
00197b7c 000005e0 r t1_keywords
0019815c 00000060 R t1_driver_class
001981bc 00000004 r t1_service_kerning
001981c0 00000014 r t1_service_ps_info
001981d4 00000014 r t1_service_multi_masters
001981e8 00000004 r t1_service_ps_name
001981ec 00000008 r t1_service_glyph_dict
001981f4 00000028 r power_tens
0019821c 00000028 R cff_cmap_encoding_class_rec
00198244 00000028 R cff_cmap_unicode_class_rec
0019826c 00000040 r cff_services
001982ac 000005b0 r cff_field_handlers
0019885c 00000200 r cff_standard_encoding
00198a5c 00000018 r cff_header_fields.8583
00198a74 000001ca r cff_isoadobe_charset
00198c40 0000014c r cff_expert_charset
00198d8c 000000ae r cff_expertsubset_charset
00198e3c 00000200 r cff_expert_encoding
0019903c 0000000c r readFromStack.10444
00199048 0000000c r readFromStack.10446
00199054 0000000c r readFromStack.10448
00199060 0000000c r readFromStack.10450
0019906c 00000060 R cff_driver_class
001990cc 00000008 r cff_service_properties
001990d4 0000000c r cff_service_cid_info
001990e0 00000004 r cff_service_get_cmap_info
001990e4 00000004 r cff_service_ps_name
001990e8 00000014 r cff_service_ps_info
001990fc 00000008 r cff_service_glyph_dict
00199104 00000028 r cid_services
0019912c 00000660 r cid_field_records
0019978c 00000060 R t1cid_driver_class
001997ec 0000000c r cid_service_cid_info
001997f8 00000014 r cid_service_ps_info
0019980c 00000004 r cid_service_ps_name
00199810 00000018 r pfr_services
00199828 00000074 r pfr_header_fields
0019989c 00000028 r pfr_phy_font_extra_items
001998c4 00000028 R pfr_cmap_class_rec
001998ec 00000060 R pfr_driver_class
0019994c 0000000c r pfr_metrics_service_rec
00199958 00000028 r t42_services
00199980 00000280 r t42_keywords
00199c00 00000060 R t42_driver_class
00199c60 00000014 r t42_service_ps_info
00199c74 00000004 r t42_service_ps_font_name
00199c78 00000008 r t42_service_glyph_dict
00199c80 00000018 r winfnt_services
00199c98 00000098 r winfnt_header_fields
00199d30 00000014 r winmz_header_fields
00199d44 00000018 r winne_header_fields
00199d5c 00000034 r winpe32_header_fields
00199d90 00000020 r winpe32_section_fields
00199db0 00000020 r winpe_rsrc_dir_fields
00199dd0 00000010 r winpe_rsrc_dir_entry_fields
00199de0 00000018 r winpe_rsrc_data_entry_fields
00199df8 00000028 r fnt_cmap_class_rec
00199e20 00000060 R winfnt_driver_class
00199e80 00000004 r winfnt_service_rec
00199e84 00000018 r pcf_services
00199e9c 00000020 r pcf_metric_msb_header
00199ebc 00000020 r pcf_metric_header
00199edc 0000001c r pcf_compressed_metric_header
00199ef8 00000034 r pcf_accel_msb_header
00199f2c 00000034 r pcf_accel_header
00199f60 00000010 r pcf_toc_header
00199f70 00000018 r pcf_table_header
00199f88 00000014 r pcf_property_header
00199f9c 00000014 r pcf_property_msb_header
00199fb0 00000028 r pcf_cmap_class
00199fd8 00000060 R pcf_driver_class
0019a038 00000008 r pcf_service_bdf
0019a040 00000018 r bdf_services
0019a058 00000020 r ddigits
0019a078 00000020 r hdigits
0019a098 00000080 r a2i
0019a118 00000001 r empty
0019a11c 00000008 r nibble_mask
0019a124 00000530 r _bdf_properties
0019a654 00000028 r bdf_cmap_class
0019a67c 00000060 R bdf_driver_class
0019a6dc 00000008 r bdf_service_bdf
0019a6e4 00000030 r sfnt_services
0019a714 00000044 r pclt_fields.7333
0019a758 00000014 r name_table_fields.7287
0019a76c 0000001c r name_record_fields.7288
0019a788 0000002c r post_fields.7328
0019a7b4 00000010 r maxp_fields.7272
0019a7c4 0000003c r maxp_fields_extra.7273
0019a800 0000004c r metrics_header_fields.7382
0019a84c 00000028 r tt_cmap_classes
0019a874 00000018 r offset_table_fields.7225
0019a88c 00000018 r table_dir_entry_fields.7208
0019a8a4 00000054 r header_fields.7256
0019a8f8 000000b0 r os2_fields.7317
0019a9a8 00000010 r os2_fields_extra1.7318
0019a9b8 0000001c r os2_fields_extra2.7319
0019a9d4 00000010 r os2_fields_extra5.7320
0019a9e4 0000003c r woff_header_fields.8714
0019aa20 00000010 r ttc_header_fields.8747
0019aa30 00000024 R sfnt_module_class
0019aa54 00000078 r sfnt_interface
0019aacc 00000008 r sfnt_service_bdf
0019aad4 00000004 r tt_service_get_cmap_info
0019aad8 00000004 r sfnt_service_ps_name
0019aadc 00000008 r sfnt_service_glyph_dict
0019aae4 0000000c r sfnt_service_sfnt_table
0019aaf0 00000034 R tt_cmap14_class_rec
0019ab24 00000034 R tt_cmap13_class_rec
0019ab58 00000034 R tt_cmap12_class_rec
0019ab8c 00000034 R tt_cmap10_class_rec
0019abc0 00000034 R tt_cmap8_class_rec
0019abf4 00000034 R tt_cmap6_class_rec
0019ac28 00000034 R tt_cmap4_class_rec
0019ac5c 00000034 R tt_cmap2_class_rec
0019ac90 00000034 R tt_cmap0_class_rec
0019acc4 00000100 r af_warper_weights
0019adc4 000000d4 R af_style_classes
0019ae98 00000014 R af_writing_system_classes
0019aeac 00000010 r af_services
0019aebc 00000110 R af_blue_stringsets
0019afcc 00000410 R af_blue_strings
0019b3dc 00000068 R af_script_classes
0019b444 00000038 R af_arab_uniranges
0019b47c 00000018 R af_arab_script_class
0019b494 00000005 R af_arab_dflt_style_class
0019b49c 00000024 R autofit_module_class
0019b4c0 00000010 R af_autofitter_interface
0019b4d0 00000008 r af_service_properties
0019b4d8 0000001c R af_indic_writing_system_class
0019b4f4 0000001c R af_cjk_writing_system_class
0019b510 0000001c R af_latin_writing_system_class
0019b52c 0000001c R af_dummy_writing_system_class
0019b548 00000018 R af_hani_nonbase_uniranges
0019b560 000000f8 R af_hani_uniranges
0019b658 00000050 R af_tibt_nonbase_uniranges
0019b6a8 00000010 R af_tibt_uniranges
0019b6b8 00000020 R af_taml_nonbase_uniranges
0019b6d8 00000010 R af_taml_uniranges
0019b6e8 00000028 R af_sylo_nonbase_uniranges
0019b710 00000010 R af_sylo_uniranges
0019b720 00000018 R af_sund_nonbase_uniranges
0019b738 00000018 R af_sund_uniranges
0019b750 00000018 R af_sinh_nonbase_uniranges
0019b768 00000010 R af_sinh_uniranges
0019b778 00000038 R af_orya_nonbase_uniranges
0019b7b0 00000010 R af_orya_uniranges
0019b7c0 00000020 R af_mlym_nonbase_uniranges
0019b7e0 00000010 R af_mlym_uniranges
0019b7f0 00000020 R af_limb_nonbase_uniranges
0019b810 00000010 R af_limb_uniranges
0019b820 00000038 R af_knda_nonbase_uniranges
0019b858 00000010 R af_knda_uniranges
0019b868 00000030 R af_guru_nonbase_uniranges
0019b898 00000010 R af_guru_uniranges
0019b8a8 00000030 R af_gujr_nonbase_uniranges
0019b8d8 00000010 R af_gujr_uniranges
0019b8e8 00000030 R af_beng_nonbase_uniranges
0019b918 00000010 R af_beng_uniranges
0019b928 00000020 R af_thai_nonbase_uniranges
0019b948 00000010 R af_thai_uniranges
0019b958 00000028 R af_telu_nonbase_uniranges
0019b980 00000010 R af_telu_uniranges
0019b990 00000008 R af_none_nonbase_uniranges
0019b998 00000008 R af_none_uniranges
0019b9a0 00000008 R af_latp_nonbase_uniranges
0019b9a8 00000070 R af_latp_uniranges
0019ba18 00000008 R af_latb_nonbase_uniranges
0019ba20 00000020 R af_latb_uniranges
0019ba40 00000088 R af_latn_nonbase_uniranges
0019bac8 00000108 R af_latn_uniranges
0019bbd0 00000020 R af_lao_nonbase_uniranges
0019bbf0 00000010 R af_lao_uniranges
0019bc00 00000030 R af_hebr_nonbase_uniranges
0019bc30 00000018 R af_hebr_uniranges
0019bc48 00000040 R af_grek_nonbase_uniranges
0019bc88 00000018 R af_grek_uniranges
0019bca0 00000040 R af_deva_nonbase_uniranges
0019bce0 00000038 R af_deva_uniranges
0019bd18 00000028 R af_cyrl_nonbase_uniranges
0019bd40 00000028 R af_cyrl_uniranges
0019bd68 00000098 R af_arab_nonbase_uniranges
0019be00 00000005 R af_hani_dflt_style_class
0019be08 00000005 R af_tibt_dflt_style_class
0019be10 00000005 R af_taml_dflt_style_class
0019be18 00000005 R af_sylo_dflt_style_class
0019be20 00000005 R af_sund_dflt_style_class
0019be28 00000005 R af_sinh_dflt_style_class
0019be30 00000005 R af_orya_dflt_style_class
0019be38 00000005 R af_mlym_dflt_style_class
0019be40 00000005 R af_limb_dflt_style_class
0019be48 00000005 R af_knda_dflt_style_class
0019be50 00000005 R af_guru_dflt_style_class
0019be58 00000005 R af_gujr_dflt_style_class
0019be60 00000005 R af_beng_dflt_style_class
0019be68 00000005 R af_thai_dflt_style_class
0019be70 00000005 R af_telu_dflt_style_class
0019be78 00000005 R af_none_dflt_style_class
0019be80 00000005 R af_latp_dflt_style_class
0019be88 00000005 R af_latb_dflt_style_class
0019be90 00000005 R af_latn_dflt_style_class
0019be98 00000005 R af_latn_titl_style_class
0019bea0 00000005 R af_latn_sups_style_class
0019bea8 00000005 R af_latn_subs_style_class
0019beb0 00000005 R af_latn_smcp_style_class
0019beb8 00000005 R af_latn_sinf_style_class
0019bec0 00000005 R af_latn_pcap_style_class
0019bec8 00000005 R af_latn_ordn_style_class
0019bed0 00000005 R af_latn_c2sc_style_class
0019bed8 00000005 R af_latn_c2cp_style_class
0019bee0 00000005 R af_lao_dflt_style_class
0019bee8 00000005 R af_hebr_dflt_style_class
0019bef0 00000005 R af_grek_dflt_style_class
0019bef8 00000005 R af_grek_titl_style_class
0019bf00 00000005 R af_grek_sups_style_class
0019bf08 00000005 R af_grek_subs_style_class
0019bf10 00000005 R af_grek_smcp_style_class
0019bf18 00000005 R af_grek_sinf_style_class
0019bf20 00000005 R af_grek_pcap_style_class
0019bf28 00000005 R af_grek_ordn_style_class
0019bf30 00000005 R af_grek_c2sc_style_class
0019bf38 00000005 R af_grek_c2cp_style_class
0019bf40 00000005 R af_deva_dflt_style_class
0019bf48 00000005 R af_cyrl_dflt_style_class
0019bf50 00000005 R af_cyrl_titl_style_class
0019bf58 00000005 R af_cyrl_sups_style_class
0019bf60 00000005 R af_cyrl_subs_style_class
0019bf68 00000005 R af_cyrl_smcp_style_class
0019bf70 00000005 R af_cyrl_sinf_style_class
0019bf78 00000005 R af_cyrl_pcap_style_class
0019bf80 00000005 R af_cyrl_ordn_style_class
0019bf88 00000005 R af_cyrl_c2sc_style_class
0019bf90 00000005 R af_cyrl_c2cp_style_class
0019bf98 00000018 R af_hani_script_class
0019bfb0 00000018 R af_tibt_script_class
0019bfc8 00000018 R af_taml_script_class
0019bfe0 00000018 R af_sylo_script_class
0019bff8 00000018 R af_sund_script_class
0019c010 00000018 R af_sinh_script_class
0019c028 00000018 R af_orya_script_class
0019c040 00000018 R af_mlym_script_class
0019c058 00000018 R af_limb_script_class
0019c070 00000018 R af_knda_script_class
0019c088 00000018 R af_guru_script_class
0019c0a0 00000018 R af_gujr_script_class
0019c0b8 00000018 R af_beng_script_class
0019c0d0 00000018 R af_thai_script_class
0019c0e8 00000018 R af_telu_script_class
0019c100 00000018 R af_none_script_class
0019c118 00000018 R af_latp_script_class
0019c130 00000018 R af_latb_script_class
0019c148 00000018 R af_latn_script_class
0019c160 00000018 R af_lao_script_class
0019c178 00000018 R af_hebr_script_class
0019c190 00000018 R af_grek_script_class
0019c1a8 00000018 R af_deva_script_class
0019c1c0 00000018 R af_cyrl_script_class
0019c1d8 00000024 R pshinter_module_class
0019c1fc 0000000c r pshinter_interface
0019c208 0000003c R ft_raster1_renderer_class
0019c244 00000018 R ft_standard_raster
0019c25c 00000018 r func_interface
0019c274 0000003c R ft_smooth_lcdv_renderer_class
0019c2b0 0000003c R ft_smooth_lcd_renderer_class
0019c2ec 0000003c R ft_smooth_renderer_class
0019c328 00000018 R ft_grays_raster
0019c340 00000014 r ftc_face_list_class
0019c354 00000014 r ftc_size_list_class
0019c368 00000020 r ftc_cmap_cache_class
0019c388 00000024 r ftc_basic_image_cache_class
0019c3ac 00000024 r ftc_basic_sbit_cache_class
0019c3d0 0000001c r ftc_basic_sbit_family_class
0019c3ec 00000018 r ftc_basic_image_family_class
0019c404 00000034 R ps_parser_funcs
0019c438 00000080 r ft_char_table
0019c4b8 00000010 R ps_table_funcs
0019c4c8 00000020 R t1_builder_funcs
0019c4e8 00000128 r afm_key_table
0019c610 0000000c R t1_decoder_funcs
0019c61c 0000006c r t1_args_count
0019c688 00000028 R t1_cmap_unicode_class_rec
0019c6b0 00000028 R t1_cmap_custom_class_rec
0019c6d8 00000028 R t1_cmap_expert_class_rec
0019c700 00000028 R t1_cmap_standard_class_rec
0019c728 00000024 R psaux_module_class
0019c74c 0000001c r psaux_interface
0019c768 00000010 R t1_cmap_classes
0019c778 0000000c R afm_parser_funcs
0019c784 00000204 r ft_mac_names
0019c988 00000e70 r ft_standard_glyph_names
0019d7f8 0000030e r ft_sid_names
0019db08 00000010 r pscmaps_services
0019db18 0000dabd r ft_adobe_glyph_list
001ab5d8 00000055 r ft_extra_glyph_names
001ab630 00000024 R psnames_module_class
001ab654 00000020 r pscmaps_interface
001ab674 00000200 r t1_expert_encoding
001ab874 00000200 r t1_standard_encoding
001aba74 00000020 R ft_outline_glyph_class
001aba94 00000020 R ft_bitmap_glyph_class
001abab4 00000800 r lenfix.5696
001ac2b4 00000080 r distfix.5697
001ac334 00000026 r order.5725
001ac35c 00000040 r dext.5611
001ac39c 00000040 r dbase.5610
001ac3dc 0000003e r lext.5609
001ac41c 0000003e r lbase.5608
001ac45c 0000002f R inflate_copyright
001ac48c 00000028 R z_errmsg
001ac4b4 00002000 r crc_table
001ae4b4 00000010 r CSWTCH.23
001ae4c4 R shader_shbin
001ae610 R shader_shbin_end
001ae610 R shader_shbin_size
001ae614 00000003 r parm.11336
001ae618 00000004 r CSWTCH.7
001ae61c 00000005 r colorFmtSizes
001ae624 00000004 r depthFmtSizes
001ae628 00000038 r CSWTCH.2
001ae660 00000014 r CSWTCH.26
001ae674 00000008 r framebufferInfoSt
001ae67c 0000000c r serviceNameTable.6245
001ae688 00000030 r error_table
001ae6c4 00000068 R dotab_stdnull
001ae72c 00000003 R DIRECTORY_PARENT
001ae730 00000002 R DIRECTORY_THIS
001ae734 00000002 R DIRECTORY_SEPARATOR
001af808 00000004 R _global_impure_ptr
001af80c 00000010 r blanks.7122
001af85c r .LC2
001af860 00000010 r zeroes.7123
001af870 00000101 R _ctype_
001afaa0 000000c8 R __mprec_tens
001afb68 0000000c r p05.5412
001afb78 00000028 R __mprec_bigtens
001afba0 0000006c R __state_table
001afc0c 00000100 R __chclass
001afd0c 0000006c R __action_table
001afd80 r __EH_FRAME_BEGIN__
001afd80 R __exidx_start
001afd88 R __exidx_end
001b0000 00000004 d useTransform_desc
001b0004 00000004 d transform_desc
001b0008 00000004 d vblank_wait
001b000c 00000004 d projection_desc
001b0010 00000001 d topFormat
001b0011 00000001 d botFormat
001b0014 00000008 d doubleBuf
001b001c 00000004 d aptFlags
001b0020 00000004 d gspLastEvent
001b0024 W __stacksize__
001b0028 00000401 d __cwd
001b042c 00000068 d sdmc_devoptab
001b0494 00000004 d defaultDevice
001b0498 00000040 D devoptab_list
001b04d8 00001000 d _current_working_directory
001b14d8 0000000c d __stdin_handle
001b14e4 0000000c d __stdout_handle
001b14f0 0000000c d __stderr_handle
001b14fc 00000004 d __hndl_lock
001b1500 00001000 d handles
001b2500 0000000c d __sfp_lock
001b250c 0000000c d __sinit_lock
001b2518 00000440 d impure_data
001b2958 00000004 D _impure_ptr
001b295c 00000408 D __malloc_av_
001b2d64 00000004 D __malloc_trim_threshold
001b2d68 00000004 D __malloc_sbrk_base
001b2d6c 0000000c d __malloc_lock_object
001b2d78 00000004 D __wctomb
001b2d7c 00000004 D __ctype_ptr__
001b2d80 00000038 d lconv
001b2db8 00000020 d lc_ctype_charset
001b2dd8 00000004 D __mb_cur_max
001b2ddc 00000004 D __mbtowc
001b2de0 t __frame_dummy_init_array_entry
001b2de0 T __init_array_start
001b2de0 d __JCR_LIST__
001b2de0 B __preinit_array_end
001b2de0 B __preinit_array_start
001b2de0 D __tdata_lma
001b2de0 D __tdata_lma_end
001b2de0 D __TMC_END__
001b2de0 d __TMC_LIST__
001b2de4 t __do_global_dtors_aux_fini_array_entry
001b2de4 T __fini_array_start
001b2de4 T __init_array_end
001b2de8 T __bss_start__
001b2de8 T __fini_array_end
001b2de8 b completed.6505
001b2dec b object.6510
001b2e04 00000004 b sftd_initialized
001b2e08 00000004 b ftlibrary
001b2e10 00000004 b sf2d_initialized
001b2e14 00000004 b pool_addr
001b2e18 00000014 b shader
001b2e2c 00000004 b dvlb
001b2e30 00000004 b in_render
001b2e34 00000004 b pool_index
001b2e38 00000001 b cur_screen
001b2e39 00000001 b cur_side
001b2e3c 00000004 b targetTopLeft
001b2e40 00000004 b targetTopRight
001b2e44 00000004 b targetBottom
001b2e48 00000004 b frames
001b2e50 00000008 b last_time
001b2e58 00000004 b current_fps
001b2e5c 00000004 b pool_size
001b2e60 0000000c b hookCookie
001b2e6c 00000001 b queuedCount
001b2e70 00000004 b transferQueue
001b2e74 00000004 b clearQueue
001b2e78 00000001 b inSafeTransfer
001b2e7c 0000000c b linkedTarget
001b2e88 0000004c b temp.11991
001b2ed4 00000001 b inSafeClear
001b2ed5 00000001 b queueSwap
001b2ed8 00000020 b queuedFrame
001b2ef8 00000001 b queuedState
001b2ef9 00000001 b inFrame
001b2efc 00000004 b lastTarget
001b2f00 00000004 b firstTarget
001b2f04 00000018 b C3Di_ShaderFVecData
001b2f1c 000000c0 b C3Di_FVUnifEverDirty
001b2fdc 00000008 b C3Di_IVUnifEverDirty
001b2fe4 00000008 b sLinearPool
001b2fec 0000000c b sAddrMap
001b2ff8 00000008 b sVramPool
001b3000 0000000c b sAddrMap
001b300c 00000001 b enable3d
001b3010 00000004 b screenFree
001b3014 00000002 b currentBuffer
001b3018 00000001 V __ctru_speedup
001b301c 00000004 b aptLockHandle
001b3020 00000004 b serviceName.6244
001b3024 0000000c b aptFirstHook
001b3030 00000004 b aptMessageFunc
001b3034 00000004 b aptMessageFuncData
001b3038 0000000c b aptEvents
001b3044 00000001 b aptHomeButtonState
001b3048 00000008 b aptSleepEvent
001b3050 00001000 b aptParameters
001b4050 00000004 b aptRefCount
001b4054 00000004 b aptEventHandlerThread
001b4058 00000001 b flagInit.6595
001b4059 00000001 b flagValue.6596
001b405c 00000001 b gspRunEvents
001b4060 00000004 b gspEvent
001b4064 00000004 b gspEventData
001b4068 0000001c b gspEventCb
001b4084 00000007 b gspEventCbOneShot
001b408c 0000001c b gspEventCbData
001b40a8 00000038 b gspEvents
001b40e0 0000001c b gspEventCounts
001b40fc 00000004 b gspRefCount
001b4100 00000004 b gspEventThread
001b4104 00000004 b hidRefCount
001b4108 00000004 b kOld
001b410c 00000004 b kHeld
001b4110 00000004 b cPos
001b4114 00000004 b tPos
001b4118 00000006 b aVec
001b4120 00000006 b gRate
001b4128 00000004 b kDown
001b412c 00000004 b kUp
001b4130 00000004 b irrstRefCount
001b4134 00000004 b kHeld
001b4138 00000004 b csPos
001b413c 00000004 b ptmSysmRefCount
001b4140 00000004 b ptmSysmHandle
001b4144 b saved_stack
001b414c 00000008 b sMappablePool
001b4154 0000000c b sAddrMap
001b4160 00000004 b srvRefCount
001b4164 00000004 b srvHandle
001b4168 00000004 b arbiter
001b4170 00000008 b sdmcArchive
001b4178 00000001 b sdmcInitialised
001b4180 00000004 b fsuHandle
001b4184 00000004 b fsuRefCount
001b4188 00000080 b fsExemptArchives
001b4208 00000004 b heap_start.5704
001b420c 00000004 B fake_heap_start
001b4210 00000004 B fake_heap_end
001b4214 00001000 b temp_cwd
001b5214 00000038 B __syscalls
001b524c 00000004 B __malloc_max_total_mem
001b5250 00000004 B __malloc_max_sbrked_mem
001b5254 00000004 B __malloc_top_pad
001b5258 00000028 B __malloc_current_mallinfo
001b5280 00000278 B __C3D_Context
001b54f8 00000020 B C3D_IVUnif
001b5518 000000c0 B C3D_FVUnifDirty
001b55d8 00000002 B C3D_BoolUnifsDirty
001b55dc 00000008 B C3D_IVUnifDirty
001b55e4 00000004 B C3D_BoolUnifs
001b55e8 00000c00 B C3D_FVUnif
001b61e8 00000008 B gfxBottomFramebuffers
001b61f0 00000004 B gspSharedMemHandle
001b61f4 0000001c B bottomFramebufferInfo
001b6210 00000004 B gspEvent
001b6214 00000008 B gfxTopLeftFramebuffers
001b621c 00000008 B gfxTopRightFramebuffers
001b6224 0000001c B topFramebufferInfo
001b6240 00000001 B gfxThreadID
001b6244 00000004 B gfxSharedMemory
001b6248 00000004 B gpuCmdBuf
001b624c 00000004 B gpuCmdBufOffset
001b6250 00000004 B gpuCmdBufSize
001b6254 00000004 B gxCmdBuf
001b6258 00000004 B gspGpuHandle
001b625c 00000004 B hidMemHandle
001b6260 00000004 B hidHandle
001b6264 00000004 B hidSharedMem
001b6268 00000014 B hidEvents
001b627c 00000004 B irrstHandle
001b6280 00000004 B irrstEvent
001b6284 00000004 B irrstMemHandle
001b6288 00000004 B irrstSharedMem
001b628c 00000004 B __ctru_heap_size
001b6290 00000004 B __ctru_linear_heap
001b6294 00000004 B __ctru_heap
001b6298 00000004 B __ctru_linear_heap_size
001b629c 00000004 B __system_argv
001b62a0 00000004 B __system_argc
001b62a4 00000004 B __system_retAddr
001b62a8 B __tls_start
001b96b4 B __bss_end__
001b96b4 A __end__
001b96b4 B __tls_end
